**********************************
* BUILDING CONFIGURATION SUMMARY *
**********************************

GNSS-SDR version: 0.0.14.git-next-ab6a774f4
Building on GNU/Linux Ubuntu 18.04 (64 bits)
CMake version: 3.20.3
The CXX compiler identification is GNU 7.5.0. Standard: C++14.
The C compiler identification is GNU 7.5.0. Standard: C11.

The following REQUIRED packages have been found:

 * Git, A free and open source distributed version control system (found: v2.17.1), <https://git-scm.com>
   Manage version control, get MINOR_VERSION name for version number.
 * GOOGLETEST, Source code of Google's Testing Framework, <https://github.com/google/googletest>
   Used for Unit and System Tests.
 * GNURADIO, The free and open software radio ecosystem (found: v3.7.11), <https://www.gnuradio.org/>
   Implements flowgraph scheduler, provides some processing blocks and classes to create new ones.
 * LOG4CPP, Library of C++ classes for flexible logging (found: v1.1), <http://log4cpp.sourceforge.net/>
   Required by GNU Radio.
 * Boost (required version >= 1.53), Portable C++ source libraries (found: v1.65.1), <https://www.boost.org>
   Used widely across the source code.
 * VOLK, Vector-Optimized Library of Kernels (found: v1.3), <https://www.libvolk.org>
   Provides an abstraction of optimized math routines targeting several SIMD processors.
 * Python3, An interpreted, high-level, general-purpose programming language (found: v3.6.9), <https://www.python.org/>
   Required to build volk_gnsssdr.
 * GFLAGS, C++ library that implements commandline flags processing (found: v2.2.1), <https://github.com/gflags/gflags>
   Used for commandline flags management.
 * GLOG, C++ implementation of the Google logging module (found: v0.3.5), <https://github.com/google/glog>
   Used for runtime internal logging.
 * BLAS, Basic Linear Algebra Subprograms, <https://www.netlib.org/blas/>
   Used for matrix algebra computations.
 * LAPACK, Linear Algebra PACKage, <https://www.netlib.org/lapack/>
   Used for matrix algebra computations.
 * Armadillo, C++ library for linear algebra and scientific computing (found: v8.400.0), <http://arma.sourceforge.net/>
   Used for matrix computations.
 * GnuTLS, Transport Layer Security Library (found: v3.5.18), <https://www.gnutls.org/>
   Used for the SUPL protocol implementation.
 * MATIO, MATLAB MAT File I/O Library (found: v1.5.11), <https://github.com/tbeu/matio>
   Used to store processing block's results in MAT files readable from MATLAB/Octave.
 * PUGIXML, Light-weight, simple and fast XML parser for C++ (found: v1.8), <https://pugixml.org/>
   Used to handle Galileo almanac XML files published by the European GNSS Service Centre.
 * Threads, Implements the POSIX Threads execution model, <https://computing.llnl.gov/tutorials/pthreads/>
   Used to implement parallelism.
 * Protobuf, Structured data serialization mechanism (found: v3.0.0), <https://developers.google.com/protocol-buffers/>
   Used to serialize output data in a way that can be read by other applications.

-- The following REQUIRED packages have not been found:

 * VOLKGNSSSDR, Vector-Optimized Library of Kernels for GNSS-SDR.
   Accelerates math routines targeting several SIMD processors.
   volk_gnsssdr will be built when doing 'make'.

-- The following OPTIONAL packages have been found:

 * UHD, USRP Hardware Driver (found: v003.010.003.000-0-unknown), <https://www.ettus.com/sdr-software/uhd-usrp-hardware-driver/>
   Used for communication with front-ends of the USRP family.
 * ORC, The Optimized Inner Loops Runtime Compiler (found: v0.4.28), <https://gstreamer.freedesktop.org/modules/orc.html>
   Used by volk_gnsssdr.
 * Doxygen, Generates documentation from annotated C++ sources (found: v1.8.13), <https://www.doxygen.nl>
   Used to generate code documentation by doing 'make doc'
 * MATHJAX2, Beautiful and accessible math in all browsers, <https://www.mathjax.org>
   Used to generate equations in HTML docs when doing 'make doc'.
 * PCAP, A portable C/C++ library for network traffic capture (found: v1.8.1), <https://www.tcpdump.org>
   Used for the custom UDP IP packet source.
 * GROSMOSDR, osmocom GNU Radio blocks (found: v0.1.4), <https://osmocom.org/projects/gr-osmosdr/wiki>
   Used for communication with OsmoSDR and other front-ends (HackRF, bladeRF, Realtek's RTL2832U-based dongles, etc.).

-- The following OPTIONAL packages have not been found:

 * GPSTK, Library and suite of applications for satellite navigation, <https://github.com/SGL-UT/GPSTk>
   Used in some Extra Tests.
 * LATEX, High-quality typesetting system, <https://www.latex-project.org>
   Used to generate a PDF manual by doing 'make pdfmanual'.
 * GRIIO, IIO blocks for GNU Radio, <https://github.com/analogdevicesinc/gr-iio>
   Used for communication with PlutoSDR and FMCOMMS devices.
 * LIBAD9361, A library for interfacing with AD936X RF transceivers, <https://github.com/analogdevicesinc/libad9361-iio>
   Used for configuring devices with the AD9361 chipset.
 * LIBIIO, A library for interfacing with Linux IIO devices, <https://github.com/analogdevicesinc/libiio>
   Used for communication with the AD9361 chipset.
 * TELEORBIT, The Teleorbit's Flexiband GNU Radio block.
   Used for communication with the Flexiband front-end.
 * GPERFTOOLS, Collection of performance analysis tools, <https://github.com/gperftools/gperftools>
   Used for performance analysis.
 * Gnuplot, A portable command-line driven graphing utility, <http://www.gnuplot.info>
   Used to generate plots in some tests.

-- The following features have been enabled:

 * ENABLE_UHD, Enables UHD_Signal_Source for using RF front-ends from the USRP family. Requires gr-uhd.
 * ENABLE_OSMOSDR, Enables Osmosdr_Signal_Source and RtlTcp_Signal_Source for using RF front-ends compatible with the OsmoSDR driver. Requires gr-osmosdr.
 * ENABLE_RAW_UDP, Enables Custom_UDP_Signal_Source for custom UDP packet sample source. Requires libpcap.
 * ENABLE_LOG, Enables runtime internal logging with Google glog.
 * ENABLE_UNIT_TESTING, Enables building of Unit Tests.
 * ENABLE_EXTERNAL_MATHJAX, Use MathJax from an external CDN in HTML docs when doing 'make doc'.
 * ENABLE_OWN_CPUFEATURES, Force building own local version of the cpu_features library, even if it is already installed.

-- The following features have been disabled:

 * ENABLE_FMCOMMS2, Enables Fmcomms2_Signal_Source for FMCOMMS2/3/4 devices. Requires gr-iio and libad9361-dev.
 * ENABLE_PLUTOSDR, Enables Plutosdr_Signal_Source for using ADALM-PLUTO boards. Requires gr-iio.
 * ENABLE_AD9361, Enables Ad9361_Fpga_Signal_Source for devices with the AD9361 chipset. Requires libiio and libad9361-dev.
 * ENABLE_FLEXIBAND, Enables Flexiband_Signal_Source for using Teleorbit's Flexiband RF front-end. Requires gr-teleorbit.
 * ENABLE_GN3S, Enables Gn3s_Signal_Source for using the GN3S v2 dongle. Requires gr-gn3s.
 * ENABLE_ARRAY, Enables Raw_Array_Signal_Source and Array_Signal_Conditioner for using CTTC's antenna array. Requires gr-dbfcttc.
 * ENABLE_GPERFTOOLS, Enables performance analysis. Requires Gperftools.
 * ENABLE_GPROF, Enables performance analysis with 'gprof'.
 * ENABLE_CLANG_TIDY, Runs clang-tidy along with the compiler. Requires Clang.
 * ENABLE_PROFILING, Runs volk_gnsssdr_profile at the end of the building.
 * ENABLE_OPENCL, Enables GPS_L1_CA_PCPS_OpenCl_Acquisition (experimental). Requires OpenCL.
 * ENABLE_CUDA, Enables GPS_L1_CA_DLL_PLL_Tracking_GPU (experimental). Requires CUDA.
 * ENABLE_FPGA, Enables building of processing blocks for FPGA offloading.
 * ENABLE_ARMA_NO_DEBUG, Enables passing the ARMA_NO_DEBUG macro to Armadillo, hence disabling bound checking.
 * ENABLE_GENERIC_ARCH, When disabled, flags such as '-march=native' are passed to the compiler.
 * ENABLE_PACKAGING, Enables software packaging.
 * ENABLE_OWN_GLOG, Forces the downloading and building of Google glog.
 * ENABLE_OWN_ARMADILLO, Forces the downloading and building of Armadillo.
 * ENABLE_STRIP, Enables the generation of stripped binaries (without debugging symbols).
 * ENABLE_UNIT_TESTING_MINIMAL, Enables building a minimal set of Unit Tests.
 * ENABLE_UNIT_TESTING_EXTRA, Enables building of Extra Unit Tests and downloading of external data files.
 * ENABLE_SYSTEM_TESTING, Enables building of System Tests.
 * ENABLE_SYSTEM_TESTING_EXTRA, Enables building of Extra System Tests and downloading of external tools.
 * ENABLE_OWN_GPSTK, Forces the downloading and building of GPSTk for system tests.
 * ENABLE_GNSS_SIM_INSTALL, Enables downloading and building of gnss-sim.
 * ENABLE_INSTALL_TESTS, Install test binaries when doing 'make install'.
 * ENABLE_BENCHMARKS, Enables building of code snippet benchmarks.
