Performing C SOURCE FILE Test CMAKE_HAVE_LIBC_PTHREAD failed with the following output:
Change Dir: /home/aishwarya/Desktop/gnss-sdr/build/CMakeFiles/CMakeTmp

Run Build Command(s):/usr/bin/make -f Makefile cmTC_f5430/fast && /usr/bin/make  -f CMakeFiles/cmTC_f5430.dir/build.make CMakeFiles/cmTC_f5430.dir/build
make[1]: Entering directory '/home/aishwarya/Desktop/gnss-sdr/build/CMakeFiles/CMakeTmp'
Building C object CMakeFiles/cmTC_f5430.dir/src.c.o
/usr/bin/cc -DCMAKE_HAVE_LIBC_PTHREAD  -std=gnu11 -o CMakeFiles/cmTC_f5430.dir/src.c.o -c /home/aishwarya/Desktop/gnss-sdr/build/CMakeFiles/CMakeTmp/src.c
Linking C executable cmTC_f5430
/usr/bin/cmake -E cmake_link_script CMakeFiles/cmTC_f5430.dir/link.txt --verbose=1
/usr/bin/cc CMakeFiles/cmTC_f5430.dir/src.c.o -o cmTC_f5430 
CMakeFiles/cmTC_f5430.dir/src.c.o: In function `main':
src.c:(.text+0x3e): undefined reference to `pthread_create'
src.c:(.text+0x4a): undefined reference to `pthread_detach'
src.c:(.text+0x56): undefined reference to `pthread_cancel'
src.c:(.text+0x67): undefined reference to `pthread_join'
src.c:(.text+0x7b): undefined reference to `pthread_atfork'
collect2: error: ld returned 1 exit status
CMakeFiles/cmTC_f5430.dir/build.make:98: recipe for target 'cmTC_f5430' failed
make[1]: *** [cmTC_f5430] Error 1
make[1]: Leaving directory '/home/aishwarya/Desktop/gnss-sdr/build/CMakeFiles/CMakeTmp'
Makefile:127: recipe for target 'cmTC_f5430/fast' failed
make: *** [cmTC_f5430/fast] Error 2


Source file was:
#include <pthread.h>

static void* test_func(void* data)
{
  return data;
}

int main(void)
{
  pthread_t thread;
  pthread_create(&thread, NULL, test_func, NULL);
  pthread_detach(thread);
  pthread_cancel(thread);
  pthread_join(thread, NULL);
  pthread_atfork(NULL, NULL, NULL);
  pthread_exit(NULL);

  return 0;
}

Performing C++ SOURCE FILE Test has_string_view failed with the following output:
Change Dir: /home/aishwarya/Desktop/gnss-sdr/build/CMakeFiles/CMakeTmp

Run Build Command(s):/usr/bin/make -f Makefile cmTC_26fae/fast && /usr/bin/make  -f CMakeFiles/cmTC_26fae.dir/build.make CMakeFiles/cmTC_26fae.dir/build
make[1]: Entering directory '/home/aishwarya/Desktop/gnss-sdr/build/CMakeFiles/CMakeTmp'
Building CXX object CMakeFiles/cmTC_26fae.dir/src.cxx.o
/usr/bin/c++ -Dhas_string_view  -std=c++14 -o CMakeFiles/cmTC_26fae.dir/src.cxx.o -c /home/aishwarya/Desktop/gnss-sdr/build/CMakeFiles/CMakeTmp/src.cxx
/home/aishwarya/Desktop/gnss-sdr/build/CMakeFiles/CMakeTmp/src.cxx:2:17: error: #include expects "FILENAME" or <FILENAME>
         #include <string_view>
                 ^
/home/aishwarya/Desktop/gnss-sdr/build/CMakeFiles/CMakeTmp/src.cxx: In function ‘int main()’:
/home/aishwarya/Desktop/gnss-sdr/build/CMakeFiles/CMakeTmp/src.cxx:4:16: error: ‘string_view’ is not a member of ‘std’
         { std::string_view sv; }
                ^~~~~~~~~~~
CMakeFiles/cmTC_26fae.dir/build.make:77: recipe for target 'CMakeFiles/cmTC_26fae.dir/src.cxx.o' failed
make[1]: *** [CMakeFiles/cmTC_26fae.dir/src.cxx.o] Error 1
make[1]: Leaving directory '/home/aishwarya/Desktop/gnss-sdr/build/CMakeFiles/CMakeTmp'
Makefile:127: recipe for target 'cmTC_26fae/fast' failed
make: *** [cmTC_26fae/fast] Error 2


Source file was:

        #include <string_view>
        int main()
        { std::string_view sv; }
Performing C++ SOURCE FILE Test has_span failed with the following output:
Change Dir: /home/aishwarya/Desktop/gnss-sdr/build/CMakeFiles/CMakeTmp

Run Build Command(s):/usr/bin/make -f Makefile cmTC_bd1aa/fast && /usr/bin/make  -f CMakeFiles/cmTC_bd1aa.dir/build.make CMakeFiles/cmTC_bd1aa.dir/build
make[1]: Entering directory '/home/aishwarya/Desktop/gnss-sdr/build/CMakeFiles/CMakeTmp'
Building CXX object CMakeFiles/cmTC_bd1aa.dir/src.cxx.o
/usr/bin/c++ -Dhas_span  -std=c++14 -o CMakeFiles/cmTC_bd1aa.dir/src.cxx.o -c /home/aishwarya/Desktop/gnss-sdr/build/CMakeFiles/CMakeTmp/src.cxx
/home/aishwarya/Desktop/gnss-sdr/build/CMakeFiles/CMakeTmp/src.cxx:2:14: fatal error: span: No such file or directory
     #include <span>
              ^~~~~~
compilation terminated.
CMakeFiles/cmTC_bd1aa.dir/build.make:77: recipe for target 'CMakeFiles/cmTC_bd1aa.dir/src.cxx.o' failed
make[1]: *** [CMakeFiles/cmTC_bd1aa.dir/src.cxx.o] Error 1
make[1]: Leaving directory '/home/aishwarya/Desktop/gnss-sdr/build/CMakeFiles/CMakeTmp'
Makefile:127: recipe for target 'cmTC_bd1aa/fast' failed
make: *** [cmTC_bd1aa/fast] Error 2


Source file was:

    #include <span>
    int main()
    { std::span<float> s; }
Determining if the CL_VERSION_2_2 exist failed with the following output:
Change Dir: /home/aishwarya/Desktop/gnss-sdr/build/CMakeFiles/CMakeTmp

Run Build Command(s):/usr/bin/make -f Makefile cmTC_302ad/fast && /usr/bin/make  -f CMakeFiles/cmTC_302ad.dir/build.make CMakeFiles/cmTC_302ad.dir/build
make[1]: Entering directory '/home/aishwarya/Desktop/gnss-sdr/build/CMakeFiles/CMakeTmp'
Building C object CMakeFiles/cmTC_302ad.dir/CheckSymbolExists.c.o
/usr/bin/cc   -std=gnu11 -o CMakeFiles/cmTC_302ad.dir/CheckSymbolExists.c.o -c /home/aishwarya/Desktop/gnss-sdr/build/CMakeFiles/CMakeTmp/CheckSymbolExists.c
/home/aishwarya/Desktop/gnss-sdr/build/CMakeFiles/CMakeTmp/CheckSymbolExists.c:2:10: fatal error: OPENCL_INCLUDE_DIR-NOTFOUND/CL/cl.h: No such file or directory
 #include <OPENCL_INCLUDE_DIR-NOTFOUND/CL/cl.h>
          ^~~~~~~~~~~~~~~~~~~~~~~~~~~~~~~~~~~~~
compilation terminated.
CMakeFiles/cmTC_302ad.dir/build.make:77: recipe for target 'CMakeFiles/cmTC_302ad.dir/CheckSymbolExists.c.o' failed
make[1]: *** [CMakeFiles/cmTC_302ad.dir/CheckSymbolExists.c.o] Error 1
make[1]: Leaving directory '/home/aishwarya/Desktop/gnss-sdr/build/CMakeFiles/CMakeTmp'
Makefile:127: recipe for target 'cmTC_302ad/fast' failed
make: *** [cmTC_302ad/fast] Error 2


File /home/aishwarya/Desktop/gnss-sdr/build/CMakeFiles/CMakeTmp/CheckSymbolExists.c:
/* */
#include <OPENCL_INCLUDE_DIR-NOTFOUND/CL/cl.h>

int main(int argc, char** argv)
{
  (void)argv;
#ifndef CL_VERSION_2_2
  return ((int*)(&CL_VERSION_2_2))[argc];
#else
  (void)argc;
  return 0;
#endif
}
Determining if the CL_VERSION_2_1 exist failed with the following output:
Change Dir: /home/aishwarya/Desktop/gnss-sdr/build/CMakeFiles/CMakeTmp

Run Build Command(s):/usr/bin/make -f Makefile cmTC_b05e1/fast && /usr/bin/make  -f CMakeFiles/cmTC_b05e1.dir/build.make CMakeFiles/cmTC_b05e1.dir/build
make[1]: Entering directory '/home/aishwarya/Desktop/gnss-sdr/build/CMakeFiles/CMakeTmp'
Building C object CMakeFiles/cmTC_b05e1.dir/CheckSymbolExists.c.o
/usr/bin/cc   -std=gnu11 -o CMakeFiles/cmTC_b05e1.dir/CheckSymbolExists.c.o -c /home/aishwarya/Desktop/gnss-sdr/build/CMakeFiles/CMakeTmp/CheckSymbolExists.c
/home/aishwarya/Desktop/gnss-sdr/build/CMakeFiles/CMakeTmp/CheckSymbolExists.c:2:10: fatal error: OPENCL_INCLUDE_DIR-NOTFOUND/CL/cl.h: No such file or directory
 #include <OPENCL_INCLUDE_DIR-NOTFOUND/CL/cl.h>
          ^~~~~~~~~~~~~~~~~~~~~~~~~~~~~~~~~~~~~
compilation terminated.
CMakeFiles/cmTC_b05e1.dir/build.make:77: recipe for target 'CMakeFiles/cmTC_b05e1.dir/CheckSymbolExists.c.o' failed
make[1]: *** [CMakeFiles/cmTC_b05e1.dir/CheckSymbolExists.c.o] Error 1
make[1]: Leaving directory '/home/aishwarya/Desktop/gnss-sdr/build/CMakeFiles/CMakeTmp'
Makefile:127: recipe for target 'cmTC_b05e1/fast' failed
make: *** [cmTC_b05e1/fast] Error 2


File /home/aishwarya/Desktop/gnss-sdr/build/CMakeFiles/CMakeTmp/CheckSymbolExists.c:
/* */
#include <OPENCL_INCLUDE_DIR-NOTFOUND/CL/cl.h>

int main(int argc, char** argv)
{
  (void)argv;
#ifndef CL_VERSION_2_1
  return ((int*)(&CL_VERSION_2_1))[argc];
#else
  (void)argc;
  return 0;
#endif
}
Determining if the CL_VERSION_2_0 exist failed with the following output:
Change Dir: /home/aishwarya/Desktop/gnss-sdr/build/CMakeFiles/CMakeTmp

Run Build Command(s):/usr/bin/make -f Makefile cmTC_89e71/fast && /usr/bin/make  -f CMakeFiles/cmTC_89e71.dir/build.make CMakeFiles/cmTC_89e71.dir/build
make[1]: Entering directory '/home/aishwarya/Desktop/gnss-sdr/build/CMakeFiles/CMakeTmp'
Building C object CMakeFiles/cmTC_89e71.dir/CheckSymbolExists.c.o
/usr/bin/cc   -std=gnu11 -o CMakeFiles/cmTC_89e71.dir/CheckSymbolExists.c.o -c /home/aishwarya/Desktop/gnss-sdr/build/CMakeFiles/CMakeTmp/CheckSymbolExists.c
/home/aishwarya/Desktop/gnss-sdr/build/CMakeFiles/CMakeTmp/CheckSymbolExists.c:2:10: fatal error: OPENCL_INCLUDE_DIR-NOTFOUND/CL/cl.h: No such file or directory
 #include <OPENCL_INCLUDE_DIR-NOTFOUND/CL/cl.h>
          ^~~~~~~~~~~~~~~~~~~~~~~~~~~~~~~~~~~~~
compilation terminated.
CMakeFiles/cmTC_89e71.dir/build.make:77: recipe for target 'CMakeFiles/cmTC_89e71.dir/CheckSymbolExists.c.o' failed
make[1]: *** [CMakeFiles/cmTC_89e71.dir/CheckSymbolExists.c.o] Error 1
make[1]: Leaving directory '/home/aishwarya/Desktop/gnss-sdr/build/CMakeFiles/CMakeTmp'
Makefile:127: recipe for target 'cmTC_89e71/fast' failed
make: *** [cmTC_89e71/fast] Error 2


File /home/aishwarya/Desktop/gnss-sdr/build/CMakeFiles/CMakeTmp/CheckSymbolExists.c:
/* */
#include <OPENCL_INCLUDE_DIR-NOTFOUND/CL/cl.h>

int main(int argc, char** argv)
{
  (void)argv;
#ifndef CL_VERSION_2_0
  return ((int*)(&CL_VERSION_2_0))[argc];
#else
  (void)argc;
  return 0;
#endif
}
Determining if the CL_VERSION_1_2 exist failed with the following output:
Change Dir: /home/aishwarya/Desktop/gnss-sdr/build/CMakeFiles/CMakeTmp

Run Build Command(s):/usr/bin/make -f Makefile cmTC_875a8/fast && /usr/bin/make  -f CMakeFiles/cmTC_875a8.dir/build.make CMakeFiles/cmTC_875a8.dir/build
make[1]: Entering directory '/home/aishwarya/Desktop/gnss-sdr/build/CMakeFiles/CMakeTmp'
Building C object CMakeFiles/cmTC_875a8.dir/CheckSymbolExists.c.o
/usr/bin/cc   -std=gnu11 -o CMakeFiles/cmTC_875a8.dir/CheckSymbolExists.c.o -c /home/aishwarya/Desktop/gnss-sdr/build/CMakeFiles/CMakeTmp/CheckSymbolExists.c
/home/aishwarya/Desktop/gnss-sdr/build/CMakeFiles/CMakeTmp/CheckSymbolExists.c:2:10: fatal error: OPENCL_INCLUDE_DIR-NOTFOUND/CL/cl.h: No such file or directory
 #include <OPENCL_INCLUDE_DIR-NOTFOUND/CL/cl.h>
          ^~~~~~~~~~~~~~~~~~~~~~~~~~~~~~~~~~~~~
compilation terminated.
CMakeFiles/cmTC_875a8.dir/build.make:77: recipe for target 'CMakeFiles/cmTC_875a8.dir/CheckSymbolExists.c.o' failed
make[1]: *** [CMakeFiles/cmTC_875a8.dir/CheckSymbolExists.c.o] Error 1
make[1]: Leaving directory '/home/aishwarya/Desktop/gnss-sdr/build/CMakeFiles/CMakeTmp'
Makefile:127: recipe for target 'cmTC_875a8/fast' failed
make: *** [cmTC_875a8/fast] Error 2


File /home/aishwarya/Desktop/gnss-sdr/build/CMakeFiles/CMakeTmp/CheckSymbolExists.c:
/* */
#include <OPENCL_INCLUDE_DIR-NOTFOUND/CL/cl.h>

int main(int argc, char** argv)
{
  (void)argv;
#ifndef CL_VERSION_1_2
  return ((int*)(&CL_VERSION_1_2))[argc];
#else
  (void)argc;
  return 0;
#endif
}
Determining if the CL_VERSION_1_1 exist failed with the following output:
Change Dir: /home/aishwarya/Desktop/gnss-sdr/build/CMakeFiles/CMakeTmp

Run Build Command(s):/usr/bin/make -f Makefile cmTC_0deb4/fast && /usr/bin/make  -f CMakeFiles/cmTC_0deb4.dir/build.make CMakeFiles/cmTC_0deb4.dir/build
make[1]: Entering directory '/home/aishwarya/Desktop/gnss-sdr/build/CMakeFiles/CMakeTmp'
Building C object CMakeFiles/cmTC_0deb4.dir/CheckSymbolExists.c.o
/usr/bin/cc   -std=gnu11 -o CMakeFiles/cmTC_0deb4.dir/CheckSymbolExists.c.o -c /home/aishwarya/Desktop/gnss-sdr/build/CMakeFiles/CMakeTmp/CheckSymbolExists.c
/home/aishwarya/Desktop/gnss-sdr/build/CMakeFiles/CMakeTmp/CheckSymbolExists.c:2:10: fatal error: OPENCL_INCLUDE_DIR-NOTFOUND/CL/cl.h: No such file or directory
 #include <OPENCL_INCLUDE_DIR-NOTFOUND/CL/cl.h>
          ^~~~~~~~~~~~~~~~~~~~~~~~~~~~~~~~~~~~~
compilation terminated.
CMakeFiles/cmTC_0deb4.dir/build.make:77: recipe for target 'CMakeFiles/cmTC_0deb4.dir/CheckSymbolExists.c.o' failed
make[1]: *** [CMakeFiles/cmTC_0deb4.dir/CheckSymbolExists.c.o] Error 1
make[1]: Leaving directory '/home/aishwarya/Desktop/gnss-sdr/build/CMakeFiles/CMakeTmp'
Makefile:127: recipe for target 'cmTC_0deb4/fast' failed
make: *** [cmTC_0deb4/fast] Error 2


File /home/aishwarya/Desktop/gnss-sdr/build/CMakeFiles/CMakeTmp/CheckSymbolExists.c:
/* */
#include <OPENCL_INCLUDE_DIR-NOTFOUND/CL/cl.h>

int main(int argc, char** argv)
{
  (void)argv;
#ifndef CL_VERSION_1_1
  return ((int*)(&CL_VERSION_1_1))[argc];
#else
  (void)argc;
  return 0;
#endif
}
Determining if the CL_VERSION_1_0 exist failed with the following output:
Change Dir: /home/aishwarya/Desktop/gnss-sdr/build/CMakeFiles/CMakeTmp

Run Build Command(s):/usr/bin/make -f Makefile cmTC_3a191/fast && /usr/bin/make  -f CMakeFiles/cmTC_3a191.dir/build.make CMakeFiles/cmTC_3a191.dir/build
make[1]: Entering directory '/home/aishwarya/Desktop/gnss-sdr/build/CMakeFiles/CMakeTmp'
Building C object CMakeFiles/cmTC_3a191.dir/CheckSymbolExists.c.o
/usr/bin/cc   -std=gnu11 -o CMakeFiles/cmTC_3a191.dir/CheckSymbolExists.c.o -c /home/aishwarya/Desktop/gnss-sdr/build/CMakeFiles/CMakeTmp/CheckSymbolExists.c
/home/aishwarya/Desktop/gnss-sdr/build/CMakeFiles/CMakeTmp/CheckSymbolExists.c:2:10: fatal error: OPENCL_INCLUDE_DIR-NOTFOUND/CL/cl.h: No such file or directory
 #include <OPENCL_INCLUDE_DIR-NOTFOUND/CL/cl.h>
          ^~~~~~~~~~~~~~~~~~~~~~~~~~~~~~~~~~~~~
compilation terminated.
CMakeFiles/cmTC_3a191.dir/build.make:77: recipe for target 'CMakeFiles/cmTC_3a191.dir/CheckSymbolExists.c.o' failed
make[1]: *** [CMakeFiles/cmTC_3a191.dir/CheckSymbolExists.c.o] Error 1
make[1]: Leaving directory '/home/aishwarya/Desktop/gnss-sdr/build/CMakeFiles/CMakeTmp'
Makefile:127: recipe for target 'cmTC_3a191/fast' failed
make: *** [cmTC_3a191/fast] Error 2


File /home/aishwarya/Desktop/gnss-sdr/build/CMakeFiles/CMakeTmp/CheckSymbolExists.c:
/* */
#include <OPENCL_INCLUDE_DIR-NOTFOUND/CL/cl.h>

int main(int argc, char** argv)
{
  (void)argv;
#ifndef CL_VERSION_1_0
  return ((int*)(&CL_VERSION_1_0))[argc];
#else
  (void)argc;
  return 0;
#endif
}
