The system is: Linux - 5.4.0-73-generic - x86_64
Compiling the C compiler identification source file "CMakeCCompilerId.c" succeeded.
Compiler: /usr/bin/cc 
Build flags: 
Id flags:  

The output was:
0


Compilation of the C compiler identification source "CMakeCCompilerId.c" produced "a.out"

The C compiler identification is GNU, found in "/home/aishwarya/Desktop/gnss-sdr/build/volk_gnsssdr_module/build/CMakeFiles/3.20.3/CompilerIdC/a.out"

Compiling the CXX compiler identification source file "CMakeCXXCompilerId.cpp" succeeded.
Compiler: /usr/bin/c++ 
Build flags: 
Id flags:  

The output was:
0


Compilation of the CXX compiler identification source "CMakeCXXCompilerId.cpp" produced "a.out"

The CXX compiler identification is GNU, found in "/home/aishwarya/Desktop/gnss-sdr/build/volk_gnsssdr_module/build/CMakeFiles/3.20.3/CompilerIdCXX/a.out"

Detecting C compiler ABI info compiled with the following output:
Change Dir: /home/aishwarya/Desktop/gnss-sdr/build/volk_gnsssdr_module/build/CMakeFiles/CMakeTmp

Run Build Command(s):/usr/bin/make -f Makefile cmTC_d2980/fast && make[3]: Entering directory '/home/aishwarya/Desktop/gnss-sdr/build/volk_gnsssdr_module/build/CMakeFiles/CMakeTmp'
/usr/bin/make  -f CMakeFiles/cmTC_d2980.dir/build.make CMakeFiles/cmTC_d2980.dir/build
make[4]: Entering directory '/home/aishwarya/Desktop/gnss-sdr/build/volk_gnsssdr_module/build/CMakeFiles/CMakeTmp'
Building C object CMakeFiles/cmTC_d2980.dir/CMakeCCompilerABI.c.o
/usr/bin/cc   -v -o CMakeFiles/cmTC_d2980.dir/CMakeCCompilerABI.c.o -c /usr/share/cmake-3.20/Modules/CMakeCCompilerABI.c
Using built-in specs.
COLLECT_GCC=/usr/bin/cc
OFFLOAD_TARGET_NAMES=nvptx-none
OFFLOAD_TARGET_DEFAULT=1
Target: x86_64-linux-gnu
Configured with: ../src/configure -v --with-pkgversion='Ubuntu 7.5.0-3ubuntu1~18.04' --with-bugurl=file:///usr/share/doc/gcc-7/README.Bugs --enable-languages=c,ada,c++,go,brig,d,fortran,objc,obj-c++ --prefix=/usr --with-gcc-major-version-only --program-suffix=-7 --program-prefix=x86_64-linux-gnu- --enable-shared --enable-linker-build-id --libexecdir=/usr/lib --without-included-gettext --enable-threads=posix --libdir=/usr/lib --enable-nls --enable-bootstrap --enable-clocale=gnu --enable-libstdcxx-debug --enable-libstdcxx-time=yes --with-default-libstdcxx-abi=new --enable-gnu-unique-object --disable-vtable-verify --enable-libmpx --enable-plugin --enable-default-pie --with-system-zlib --with-target-system-zlib --enable-objc-gc=auto --enable-multiarch --disable-werror --with-arch-32=i686 --with-abi=m64 --with-multilib-list=m32,m64,mx32 --enable-multilib --with-tune=generic --enable-offload-targets=nvptx-none --without-cuda-driver --enable-checking=release --build=x86_64-linux-gnu --host=x86_64-linux-gnu --target=x86_64-linux-gnu
Thread model: posix
gcc version 7.5.0 (Ubuntu 7.5.0-3ubuntu1~18.04) 
COLLECT_GCC_OPTIONS='-v' '-o' 'CMakeFiles/cmTC_d2980.dir/CMakeCCompilerABI.c.o' '-c' '-mtune=generic' '-march=x86-64'
 /usr/lib/gcc/x86_64-linux-gnu/7/cc1 -quiet -v -imultiarch x86_64-linux-gnu /usr/share/cmake-3.20/Modules/CMakeCCompilerABI.c -quiet -dumpbase CMakeCCompilerABI.c -mtune=generic -march=x86-64 -auxbase-strip CMakeFiles/cmTC_d2980.dir/CMakeCCompilerABI.c.o -version -fstack-protector-strong -Wformat -Wformat-security -o /tmp/ccPeWvkk.s
GNU C11 (Ubuntu 7.5.0-3ubuntu1~18.04) version 7.5.0 (x86_64-linux-gnu)
	compiled by GNU C version 7.5.0, GMP version 6.1.2, MPFR version 4.0.1, MPC version 1.1.0, isl version isl-0.19-GMP

GGC heuristics: --param ggc-min-expand=100 --param ggc-min-heapsize=131072
ignoring nonexistent directory "/usr/local/include/x86_64-linux-gnu"
ignoring nonexistent directory "/usr/lib/gcc/x86_64-linux-gnu/7/../../../../x86_64-linux-gnu/include"
#include "..." search starts here:
#include <...> search starts here:
 /usr/lib/gcc/x86_64-linux-gnu/7/include
 /usr/local/include
 /usr/lib/gcc/x86_64-linux-gnu/7/include-fixed
 /usr/include/x86_64-linux-gnu
 /usr/include
End of search list.
GNU C11 (Ubuntu 7.5.0-3ubuntu1~18.04) version 7.5.0 (x86_64-linux-gnu)
	compiled by GNU C version 7.5.0, GMP version 6.1.2, MPFR version 4.0.1, MPC version 1.1.0, isl version isl-0.19-GMP

GGC heuristics: --param ggc-min-expand=100 --param ggc-min-heapsize=131072
Compiler executable checksum: b62ed4a2880cd4159476ea8293b72fa8
COLLECT_GCC_OPTIONS='-v' '-o' 'CMakeFiles/cmTC_d2980.dir/CMakeCCompilerABI.c.o' '-c' '-mtune=generic' '-march=x86-64'
 as -v --64 -o CMakeFiles/cmTC_d2980.dir/CMakeCCompilerABI.c.o /tmp/ccPeWvkk.s
GNU assembler version 2.30 (x86_64-linux-gnu) using BFD version (GNU Binutils for Ubuntu) 2.30
COMPILER_PATH=/usr/lib/gcc/x86_64-linux-gnu/7/:/usr/lib/gcc/x86_64-linux-gnu/7/:/usr/lib/gcc/x86_64-linux-gnu/:/usr/lib/gcc/x86_64-linux-gnu/7/:/usr/lib/gcc/x86_64-linux-gnu/
LIBRARY_PATH=/usr/lib/gcc/x86_64-linux-gnu/7/:/usr/lib/gcc/x86_64-linux-gnu/7/../../../x86_64-linux-gnu/:/usr/lib/gcc/x86_64-linux-gnu/7/../../../../lib/:/lib/x86_64-linux-gnu/:/lib/../lib/:/usr/lib/x86_64-linux-gnu/:/usr/lib/../lib/:/usr/lib/gcc/x86_64-linux-gnu/7/../../../:/lib/:/usr/lib/
COLLECT_GCC_OPTIONS='-v' '-o' 'CMakeFiles/cmTC_d2980.dir/CMakeCCompilerABI.c.o' '-c' '-mtune=generic' '-march=x86-64'
Linking C executable cmTC_d2980
/usr/bin/cmake -E cmake_link_script CMakeFiles/cmTC_d2980.dir/link.txt --verbose=1
/usr/bin/cc  -v CMakeFiles/cmTC_d2980.dir/CMakeCCompilerABI.c.o -o cmTC_d2980 
Using built-in specs.
COLLECT_GCC=/usr/bin/cc
COLLECT_LTO_WRAPPER=/usr/lib/gcc/x86_64-linux-gnu/7/lto-wrapper
OFFLOAD_TARGET_NAMES=nvptx-none
OFFLOAD_TARGET_DEFAULT=1
Target: x86_64-linux-gnu
Configured with: ../src/configure -v --with-pkgversion='Ubuntu 7.5.0-3ubuntu1~18.04' --with-bugurl=file:///usr/share/doc/gcc-7/README.Bugs --enable-languages=c,ada,c++,go,brig,d,fortran,objc,obj-c++ --prefix=/usr --with-gcc-major-version-only --program-suffix=-7 --program-prefix=x86_64-linux-gnu- --enable-shared --enable-linker-build-id --libexecdir=/usr/lib --without-included-gettext --enable-threads=posix --libdir=/usr/lib --enable-nls --enable-bootstrap --enable-clocale=gnu --enable-libstdcxx-debug --enable-libstdcxx-time=yes --with-default-libstdcxx-abi=new --enable-gnu-unique-object --disable-vtable-verify --enable-libmpx --enable-plugin --enable-default-pie --with-system-zlib --with-target-system-zlib --enable-objc-gc=auto --enable-multiarch --disable-werror --with-arch-32=i686 --with-abi=m64 --with-multilib-list=m32,m64,mx32 --enable-multilib --with-tune=generic --enable-offload-targets=nvptx-none --without-cuda-driver --enable-checking=release --build=x86_64-linux-gnu --host=x86_64-linux-gnu --target=x86_64-linux-gnu
Thread model: posix
gcc version 7.5.0 (Ubuntu 7.5.0-3ubuntu1~18.04) 
COMPILER_PATH=/usr/lib/gcc/x86_64-linux-gnu/7/:/usr/lib/gcc/x86_64-linux-gnu/7/:/usr/lib/gcc/x86_64-linux-gnu/:/usr/lib/gcc/x86_64-linux-gnu/7/:/usr/lib/gcc/x86_64-linux-gnu/
LIBRARY_PATH=/usr/lib/gcc/x86_64-linux-gnu/7/:/usr/lib/gcc/x86_64-linux-gnu/7/../../../x86_64-linux-gnu/:/usr/lib/gcc/x86_64-linux-gnu/7/../../../../lib/:/lib/x86_64-linux-gnu/:/lib/../lib/:/usr/lib/x86_64-linux-gnu/:/usr/lib/../lib/:/usr/lib/gcc/x86_64-linux-gnu/7/../../../:/lib/:/usr/lib/
COLLECT_GCC_OPTIONS='-v' '-o' 'cmTC_d2980' '-mtune=generic' '-march=x86-64'
 /usr/lib/gcc/x86_64-linux-gnu/7/collect2 -plugin /usr/lib/gcc/x86_64-linux-gnu/7/liblto_plugin.so -plugin-opt=/usr/lib/gcc/x86_64-linux-gnu/7/lto-wrapper -plugin-opt=-fresolution=/tmp/ccMekzZm.res -plugin-opt=-pass-through=-lgcc -plugin-opt=-pass-through=-lgcc_s -plugin-opt=-pass-through=-lc -plugin-opt=-pass-through=-lgcc -plugin-opt=-pass-through=-lgcc_s --build-id --eh-frame-hdr -m elf_x86_64 --hash-style=gnu --as-needed -dynamic-linker /lib64/ld-linux-x86-64.so.2 -pie -z now -z relro -o cmTC_d2980 /usr/lib/gcc/x86_64-linux-gnu/7/../../../x86_64-linux-gnu/Scrt1.o /usr/lib/gcc/x86_64-linux-gnu/7/../../../x86_64-linux-gnu/crti.o /usr/lib/gcc/x86_64-linux-gnu/7/crtbeginS.o -L/usr/lib/gcc/x86_64-linux-gnu/7 -L/usr/lib/gcc/x86_64-linux-gnu/7/../../../x86_64-linux-gnu -L/usr/lib/gcc/x86_64-linux-gnu/7/../../../../lib -L/lib/x86_64-linux-gnu -L/lib/../lib -L/usr/lib/x86_64-linux-gnu -L/usr/lib/../lib -L/usr/lib/gcc/x86_64-linux-gnu/7/../../.. CMakeFiles/cmTC_d2980.dir/CMakeCCompilerABI.c.o -lgcc --push-state --as-needed -lgcc_s --pop-state -lc -lgcc --push-state --as-needed -lgcc_s --pop-state /usr/lib/gcc/x86_64-linux-gnu/7/crtendS.o /usr/lib/gcc/x86_64-linux-gnu/7/../../../x86_64-linux-gnu/crtn.o
COLLECT_GCC_OPTIONS='-v' '-o' 'cmTC_d2980' '-mtune=generic' '-march=x86-64'
make[4]: Leaving directory '/home/aishwarya/Desktop/gnss-sdr/build/volk_gnsssdr_module/build/CMakeFiles/CMakeTmp'
make[3]: Leaving directory '/home/aishwarya/Desktop/gnss-sdr/build/volk_gnsssdr_module/build/CMakeFiles/CMakeTmp'



Parsed C implicit include dir info from above output: rv=done
  found start of include info
  found start of implicit include info
    add: [/usr/lib/gcc/x86_64-linux-gnu/7/include]
    add: [/usr/local/include]
    add: [/usr/lib/gcc/x86_64-linux-gnu/7/include-fixed]
    add: [/usr/include/x86_64-linux-gnu]
    add: [/usr/include]
  end of search list found
  collapse include dir [/usr/lib/gcc/x86_64-linux-gnu/7/include] ==> [/usr/lib/gcc/x86_64-linux-gnu/7/include]
  collapse include dir [/usr/local/include] ==> [/usr/local/include]
  collapse include dir [/usr/lib/gcc/x86_64-linux-gnu/7/include-fixed] ==> [/usr/lib/gcc/x86_64-linux-gnu/7/include-fixed]
  collapse include dir [/usr/include/x86_64-linux-gnu] ==> [/usr/include/x86_64-linux-gnu]
  collapse include dir [/usr/include] ==> [/usr/include]
  implicit include dirs: [/usr/lib/gcc/x86_64-linux-gnu/7/include;/usr/local/include;/usr/lib/gcc/x86_64-linux-gnu/7/include-fixed;/usr/include/x86_64-linux-gnu;/usr/include]


Parsed C implicit link information from above output:
  link line regex: [^( *|.*[/\])(ld|CMAKE_LINK_STARTFILE-NOTFOUND|([^/\]+-)?ld|collect2)[^/\]*( |$)]
  ignore line: [Change Dir: /home/aishwarya/Desktop/gnss-sdr/build/volk_gnsssdr_module/build/CMakeFiles/CMakeTmp]
  ignore line: []
  ignore line: [Run Build Command(s):/usr/bin/make -f Makefile cmTC_d2980/fast && make[3]: Entering directory '/home/aishwarya/Desktop/gnss-sdr/build/volk_gnsssdr_module/build/CMakeFiles/CMakeTmp']
  ignore line: [/usr/bin/make  -f CMakeFiles/cmTC_d2980.dir/build.make CMakeFiles/cmTC_d2980.dir/build]
  ignore line: [make[4]: Entering directory '/home/aishwarya/Desktop/gnss-sdr/build/volk_gnsssdr_module/build/CMakeFiles/CMakeTmp']
  ignore line: [Building C object CMakeFiles/cmTC_d2980.dir/CMakeCCompilerABI.c.o]
  ignore line: [/usr/bin/cc   -v -o CMakeFiles/cmTC_d2980.dir/CMakeCCompilerABI.c.o -c /usr/share/cmake-3.20/Modules/CMakeCCompilerABI.c]
  ignore line: [Using built-in specs.]
  ignore line: [COLLECT_GCC=/usr/bin/cc]
  ignore line: [OFFLOAD_TARGET_NAMES=nvptx-none]
  ignore line: [OFFLOAD_TARGET_DEFAULT=1]
  ignore line: [Target: x86_64-linux-gnu]
  ignore line: [Configured with: ../src/configure -v --with-pkgversion='Ubuntu 7.5.0-3ubuntu1~18.04' --with-bugurl=file:///usr/share/doc/gcc-7/README.Bugs --enable-languages=c ada c++ go brig d fortran objc obj-c++ --prefix=/usr --with-gcc-major-version-only --program-suffix=-7 --program-prefix=x86_64-linux-gnu- --enable-shared --enable-linker-build-id --libexecdir=/usr/lib --without-included-gettext --enable-threads=posix --libdir=/usr/lib --enable-nls --enable-bootstrap --enable-clocale=gnu --enable-libstdcxx-debug --enable-libstdcxx-time=yes --with-default-libstdcxx-abi=new --enable-gnu-unique-object --disable-vtable-verify --enable-libmpx --enable-plugin --enable-default-pie --with-system-zlib --with-target-system-zlib --enable-objc-gc=auto --enable-multiarch --disable-werror --with-arch-32=i686 --with-abi=m64 --with-multilib-list=m32 m64 mx32 --enable-multilib --with-tune=generic --enable-offload-targets=nvptx-none --without-cuda-driver --enable-checking=release --build=x86_64-linux-gnu --host=x86_64-linux-gnu --target=x86_64-linux-gnu]
  ignore line: [Thread model: posix]
  ignore line: [gcc version 7.5.0 (Ubuntu 7.5.0-3ubuntu1~18.04) ]
  ignore line: [COLLECT_GCC_OPTIONS='-v' '-o' 'CMakeFiles/cmTC_d2980.dir/CMakeCCompilerABI.c.o' '-c' '-mtune=generic' '-march=x86-64']
  ignore line: [ /usr/lib/gcc/x86_64-linux-gnu/7/cc1 -quiet -v -imultiarch x86_64-linux-gnu /usr/share/cmake-3.20/Modules/CMakeCCompilerABI.c -quiet -dumpbase CMakeCCompilerABI.c -mtune=generic -march=x86-64 -auxbase-strip CMakeFiles/cmTC_d2980.dir/CMakeCCompilerABI.c.o -version -fstack-protector-strong -Wformat -Wformat-security -o /tmp/ccPeWvkk.s]
  ignore line: [GNU C11 (Ubuntu 7.5.0-3ubuntu1~18.04) version 7.5.0 (x86_64-linux-gnu)]
  ignore line: [	compiled by GNU C version 7.5.0  GMP version 6.1.2  MPFR version 4.0.1  MPC version 1.1.0  isl version isl-0.19-GMP]
  ignore line: []
  ignore line: [GGC heuristics: --param ggc-min-expand=100 --param ggc-min-heapsize=131072]
  ignore line: [ignoring nonexistent directory "/usr/local/include/x86_64-linux-gnu"]
  ignore line: [ignoring nonexistent directory "/usr/lib/gcc/x86_64-linux-gnu/7/../../../../x86_64-linux-gnu/include"]
  ignore line: [#include "..." search starts here:]
  ignore line: [#include <...> search starts here:]
  ignore line: [ /usr/lib/gcc/x86_64-linux-gnu/7/include]
  ignore line: [ /usr/local/include]
  ignore line: [ /usr/lib/gcc/x86_64-linux-gnu/7/include-fixed]
  ignore line: [ /usr/include/x86_64-linux-gnu]
  ignore line: [ /usr/include]
  ignore line: [End of search list.]
  ignore line: [GNU C11 (Ubuntu 7.5.0-3ubuntu1~18.04) version 7.5.0 (x86_64-linux-gnu)]
  ignore line: [	compiled by GNU C version 7.5.0  GMP version 6.1.2  MPFR version 4.0.1  MPC version 1.1.0  isl version isl-0.19-GMP]
  ignore line: []
  ignore line: [GGC heuristics: --param ggc-min-expand=100 --param ggc-min-heapsize=131072]
  ignore line: [Compiler executable checksum: b62ed4a2880cd4159476ea8293b72fa8]
  ignore line: [COLLECT_GCC_OPTIONS='-v' '-o' 'CMakeFiles/cmTC_d2980.dir/CMakeCCompilerABI.c.o' '-c' '-mtune=generic' '-march=x86-64']
  ignore line: [ as -v --64 -o CMakeFiles/cmTC_d2980.dir/CMakeCCompilerABI.c.o /tmp/ccPeWvkk.s]
  ignore line: [GNU assembler version 2.30 (x86_64-linux-gnu) using BFD version (GNU Binutils for Ubuntu) 2.30]
  ignore line: [COMPILER_PATH=/usr/lib/gcc/x86_64-linux-gnu/7/:/usr/lib/gcc/x86_64-linux-gnu/7/:/usr/lib/gcc/x86_64-linux-gnu/:/usr/lib/gcc/x86_64-linux-gnu/7/:/usr/lib/gcc/x86_64-linux-gnu/]
  ignore line: [LIBRARY_PATH=/usr/lib/gcc/x86_64-linux-gnu/7/:/usr/lib/gcc/x86_64-linux-gnu/7/../../../x86_64-linux-gnu/:/usr/lib/gcc/x86_64-linux-gnu/7/../../../../lib/:/lib/x86_64-linux-gnu/:/lib/../lib/:/usr/lib/x86_64-linux-gnu/:/usr/lib/../lib/:/usr/lib/gcc/x86_64-linux-gnu/7/../../../:/lib/:/usr/lib/]
  ignore line: [COLLECT_GCC_OPTIONS='-v' '-o' 'CMakeFiles/cmTC_d2980.dir/CMakeCCompilerABI.c.o' '-c' '-mtune=generic' '-march=x86-64']
  ignore line: [Linking C executable cmTC_d2980]
  ignore line: [/usr/bin/cmake -E cmake_link_script CMakeFiles/cmTC_d2980.dir/link.txt --verbose=1]
  ignore line: [/usr/bin/cc  -v CMakeFiles/cmTC_d2980.dir/CMakeCCompilerABI.c.o -o cmTC_d2980 ]
  ignore line: [Using built-in specs.]
  ignore line: [COLLECT_GCC=/usr/bin/cc]
  ignore line: [COLLECT_LTO_WRAPPER=/usr/lib/gcc/x86_64-linux-gnu/7/lto-wrapper]
  ignore line: [OFFLOAD_TARGET_NAMES=nvptx-none]
  ignore line: [OFFLOAD_TARGET_DEFAULT=1]
  ignore line: [Target: x86_64-linux-gnu]
  ignore line: [Configured with: ../src/configure -v --with-pkgversion='Ubuntu 7.5.0-3ubuntu1~18.04' --with-bugurl=file:///usr/share/doc/gcc-7/README.Bugs --enable-languages=c ada c++ go brig d fortran objc obj-c++ --prefix=/usr --with-gcc-major-version-only --program-suffix=-7 --program-prefix=x86_64-linux-gnu- --enable-shared --enable-linker-build-id --libexecdir=/usr/lib --without-included-gettext --enable-threads=posix --libdir=/usr/lib --enable-nls --enable-bootstrap --enable-clocale=gnu --enable-libstdcxx-debug --enable-libstdcxx-time=yes --with-default-libstdcxx-abi=new --enable-gnu-unique-object --disable-vtable-verify --enable-libmpx --enable-plugin --enable-default-pie --with-system-zlib --with-target-system-zlib --enable-objc-gc=auto --enable-multiarch --disable-werror --with-arch-32=i686 --with-abi=m64 --with-multilib-list=m32 m64 mx32 --enable-multilib --with-tune=generic --enable-offload-targets=nvptx-none --without-cuda-driver --enable-checking=release --build=x86_64-linux-gnu --host=x86_64-linux-gnu --target=x86_64-linux-gnu]
  ignore line: [Thread model: posix]
  ignore line: [gcc version 7.5.0 (Ubuntu 7.5.0-3ubuntu1~18.04) ]
  ignore line: [COMPILER_PATH=/usr/lib/gcc/x86_64-linux-gnu/7/:/usr/lib/gcc/x86_64-linux-gnu/7/:/usr/lib/gcc/x86_64-linux-gnu/:/usr/lib/gcc/x86_64-linux-gnu/7/:/usr/lib/gcc/x86_64-linux-gnu/]
  ignore line: [LIBRARY_PATH=/usr/lib/gcc/x86_64-linux-gnu/7/:/usr/lib/gcc/x86_64-linux-gnu/7/../../../x86_64-linux-gnu/:/usr/lib/gcc/x86_64-linux-gnu/7/../../../../lib/:/lib/x86_64-linux-gnu/:/lib/../lib/:/usr/lib/x86_64-linux-gnu/:/usr/lib/../lib/:/usr/lib/gcc/x86_64-linux-gnu/7/../../../:/lib/:/usr/lib/]
  ignore line: [COLLECT_GCC_OPTIONS='-v' '-o' 'cmTC_d2980' '-mtune=generic' '-march=x86-64']
  link line: [ /usr/lib/gcc/x86_64-linux-gnu/7/collect2 -plugin /usr/lib/gcc/x86_64-linux-gnu/7/liblto_plugin.so -plugin-opt=/usr/lib/gcc/x86_64-linux-gnu/7/lto-wrapper -plugin-opt=-fresolution=/tmp/ccMekzZm.res -plugin-opt=-pass-through=-lgcc -plugin-opt=-pass-through=-lgcc_s -plugin-opt=-pass-through=-lc -plugin-opt=-pass-through=-lgcc -plugin-opt=-pass-through=-lgcc_s --build-id --eh-frame-hdr -m elf_x86_64 --hash-style=gnu --as-needed -dynamic-linker /lib64/ld-linux-x86-64.so.2 -pie -z now -z relro -o cmTC_d2980 /usr/lib/gcc/x86_64-linux-gnu/7/../../../x86_64-linux-gnu/Scrt1.o /usr/lib/gcc/x86_64-linux-gnu/7/../../../x86_64-linux-gnu/crti.o /usr/lib/gcc/x86_64-linux-gnu/7/crtbeginS.o -L/usr/lib/gcc/x86_64-linux-gnu/7 -L/usr/lib/gcc/x86_64-linux-gnu/7/../../../x86_64-linux-gnu -L/usr/lib/gcc/x86_64-linux-gnu/7/../../../../lib -L/lib/x86_64-linux-gnu -L/lib/../lib -L/usr/lib/x86_64-linux-gnu -L/usr/lib/../lib -L/usr/lib/gcc/x86_64-linux-gnu/7/../../.. CMakeFiles/cmTC_d2980.dir/CMakeCCompilerABI.c.o -lgcc --push-state --as-needed -lgcc_s --pop-state -lc -lgcc --push-state --as-needed -lgcc_s --pop-state /usr/lib/gcc/x86_64-linux-gnu/7/crtendS.o /usr/lib/gcc/x86_64-linux-gnu/7/../../../x86_64-linux-gnu/crtn.o]
    arg [/usr/lib/gcc/x86_64-linux-gnu/7/collect2] ==> ignore
    arg [-plugin] ==> ignore
    arg [/usr/lib/gcc/x86_64-linux-gnu/7/liblto_plugin.so] ==> ignore
    arg [-plugin-opt=/usr/lib/gcc/x86_64-linux-gnu/7/lto-wrapper] ==> ignore
    arg [-plugin-opt=-fresolution=/tmp/ccMekzZm.res] ==> ignore
    arg [-plugin-opt=-pass-through=-lgcc] ==> ignore
    arg [-plugin-opt=-pass-through=-lgcc_s] ==> ignore
    arg [-plugin-opt=-pass-through=-lc] ==> ignore
    arg [-plugin-opt=-pass-through=-lgcc] ==> ignore
    arg [-plugin-opt=-pass-through=-lgcc_s] ==> ignore
    arg [--build-id] ==> ignore
    arg [--eh-frame-hdr] ==> ignore
    arg [-m] ==> ignore
    arg [elf_x86_64] ==> ignore
    arg [--hash-style=gnu] ==> ignore
    arg [--as-needed] ==> ignore
    arg [-dynamic-linker] ==> ignore
    arg [/lib64/ld-linux-x86-64.so.2] ==> ignore
    arg [-pie] ==> ignore
    arg [-znow] ==> ignore
    arg [-zrelro] ==> ignore
    arg [-o] ==> ignore
    arg [cmTC_d2980] ==> ignore
    arg [/usr/lib/gcc/x86_64-linux-gnu/7/../../../x86_64-linux-gnu/Scrt1.o] ==> obj [/usr/lib/gcc/x86_64-linux-gnu/7/../../../x86_64-linux-gnu/Scrt1.o]
    arg [/usr/lib/gcc/x86_64-linux-gnu/7/../../../x86_64-linux-gnu/crti.o] ==> obj [/usr/lib/gcc/x86_64-linux-gnu/7/../../../x86_64-linux-gnu/crti.o]
    arg [/usr/lib/gcc/x86_64-linux-gnu/7/crtbeginS.o] ==> obj [/usr/lib/gcc/x86_64-linux-gnu/7/crtbeginS.o]
    arg [-L/usr/lib/gcc/x86_64-linux-gnu/7] ==> dir [/usr/lib/gcc/x86_64-linux-gnu/7]
    arg [-L/usr/lib/gcc/x86_64-linux-gnu/7/../../../x86_64-linux-gnu] ==> dir [/usr/lib/gcc/x86_64-linux-gnu/7/../../../x86_64-linux-gnu]
    arg [-L/usr/lib/gcc/x86_64-linux-gnu/7/../../../../lib] ==> dir [/usr/lib/gcc/x86_64-linux-gnu/7/../../../../lib]
    arg [-L/lib/x86_64-linux-gnu] ==> dir [/lib/x86_64-linux-gnu]
    arg [-L/lib/../lib] ==> dir [/lib/../lib]
    arg [-L/usr/lib/x86_64-linux-gnu] ==> dir [/usr/lib/x86_64-linux-gnu]
    arg [-L/usr/lib/../lib] ==> dir [/usr/lib/../lib]
    arg [-L/usr/lib/gcc/x86_64-linux-gnu/7/../../..] ==> dir [/usr/lib/gcc/x86_64-linux-gnu/7/../../..]
    arg [CMakeFiles/cmTC_d2980.dir/CMakeCCompilerABI.c.o] ==> ignore
    arg [-lgcc] ==> lib [gcc]
    arg [--push-state] ==> ignore
    arg [--as-needed] ==> ignore
    arg [-lgcc_s] ==> lib [gcc_s]
    arg [--pop-state] ==> ignore
    arg [-lc] ==> lib [c]
    arg [-lgcc] ==> lib [gcc]
    arg [--push-state] ==> ignore
    arg [--as-needed] ==> ignore
    arg [-lgcc_s] ==> lib [gcc_s]
    arg [--pop-state] ==> ignore
    arg [/usr/lib/gcc/x86_64-linux-gnu/7/crtendS.o] ==> obj [/usr/lib/gcc/x86_64-linux-gnu/7/crtendS.o]
    arg [/usr/lib/gcc/x86_64-linux-gnu/7/../../../x86_64-linux-gnu/crtn.o] ==> obj [/usr/lib/gcc/x86_64-linux-gnu/7/../../../x86_64-linux-gnu/crtn.o]
  collapse obj [/usr/lib/gcc/x86_64-linux-gnu/7/../../../x86_64-linux-gnu/Scrt1.o] ==> [/usr/lib/x86_64-linux-gnu/Scrt1.o]
  collapse obj [/usr/lib/gcc/x86_64-linux-gnu/7/../../../x86_64-linux-gnu/crti.o] ==> [/usr/lib/x86_64-linux-gnu/crti.o]
  collapse obj [/usr/lib/gcc/x86_64-linux-gnu/7/../../../x86_64-linux-gnu/crtn.o] ==> [/usr/lib/x86_64-linux-gnu/crtn.o]
  collapse library dir [/usr/lib/gcc/x86_64-linux-gnu/7] ==> [/usr/lib/gcc/x86_64-linux-gnu/7]
  collapse library dir [/usr/lib/gcc/x86_64-linux-gnu/7/../../../x86_64-linux-gnu] ==> [/usr/lib/x86_64-linux-gnu]
  collapse library dir [/usr/lib/gcc/x86_64-linux-gnu/7/../../../../lib] ==> [/usr/lib]
  collapse library dir [/lib/x86_64-linux-gnu] ==> [/lib/x86_64-linux-gnu]
  collapse library dir [/lib/../lib] ==> [/lib]
  collapse library dir [/usr/lib/x86_64-linux-gnu] ==> [/usr/lib/x86_64-linux-gnu]
  collapse library dir [/usr/lib/../lib] ==> [/usr/lib]
  collapse library dir [/usr/lib/gcc/x86_64-linux-gnu/7/../../..] ==> [/usr/lib]
  implicit libs: [gcc;gcc_s;c;gcc;gcc_s]
  implicit objs: [/usr/lib/x86_64-linux-gnu/Scrt1.o;/usr/lib/x86_64-linux-gnu/crti.o;/usr/lib/gcc/x86_64-linux-gnu/7/crtbeginS.o;/usr/lib/gcc/x86_64-linux-gnu/7/crtendS.o;/usr/lib/x86_64-linux-gnu/crtn.o]
  implicit dirs: [/usr/lib/gcc/x86_64-linux-gnu/7;/usr/lib/x86_64-linux-gnu;/usr/lib;/lib/x86_64-linux-gnu;/lib]
  implicit fwks: []


Detecting CXX compiler ABI info compiled with the following output:
Change Dir: /home/aishwarya/Desktop/gnss-sdr/build/volk_gnsssdr_module/build/CMakeFiles/CMakeTmp

Run Build Command(s):/usr/bin/make -f Makefile cmTC_c2c64/fast && make[3]: Entering directory '/home/aishwarya/Desktop/gnss-sdr/build/volk_gnsssdr_module/build/CMakeFiles/CMakeTmp'
/usr/bin/make  -f CMakeFiles/cmTC_c2c64.dir/build.make CMakeFiles/cmTC_c2c64.dir/build
make[4]: Entering directory '/home/aishwarya/Desktop/gnss-sdr/build/volk_gnsssdr_module/build/CMakeFiles/CMakeTmp'
Building CXX object CMakeFiles/cmTC_c2c64.dir/CMakeCXXCompilerABI.cpp.o
/usr/bin/c++   -v -o CMakeFiles/cmTC_c2c64.dir/CMakeCXXCompilerABI.cpp.o -c /usr/share/cmake-3.20/Modules/CMakeCXXCompilerABI.cpp
Using built-in specs.
COLLECT_GCC=/usr/bin/c++
OFFLOAD_TARGET_NAMES=nvptx-none
OFFLOAD_TARGET_DEFAULT=1
Target: x86_64-linux-gnu
Configured with: ../src/configure -v --with-pkgversion='Ubuntu 7.5.0-3ubuntu1~18.04' --with-bugurl=file:///usr/share/doc/gcc-7/README.Bugs --enable-languages=c,ada,c++,go,brig,d,fortran,objc,obj-c++ --prefix=/usr --with-gcc-major-version-only --program-suffix=-7 --program-prefix=x86_64-linux-gnu- --enable-shared --enable-linker-build-id --libexecdir=/usr/lib --without-included-gettext --enable-threads=posix --libdir=/usr/lib --enable-nls --enable-bootstrap --enable-clocale=gnu --enable-libstdcxx-debug --enable-libstdcxx-time=yes --with-default-libstdcxx-abi=new --enable-gnu-unique-object --disable-vtable-verify --enable-libmpx --enable-plugin --enable-default-pie --with-system-zlib --with-target-system-zlib --enable-objc-gc=auto --enable-multiarch --disable-werror --with-arch-32=i686 --with-abi=m64 --with-multilib-list=m32,m64,mx32 --enable-multilib --with-tune=generic --enable-offload-targets=nvptx-none --without-cuda-driver --enable-checking=release --build=x86_64-linux-gnu --host=x86_64-linux-gnu --target=x86_64-linux-gnu
Thread model: posix
gcc version 7.5.0 (Ubuntu 7.5.0-3ubuntu1~18.04) 
COLLECT_GCC_OPTIONS='-v' '-o' 'CMakeFiles/cmTC_c2c64.dir/CMakeCXXCompilerABI.cpp.o' '-c' '-shared-libgcc' '-mtune=generic' '-march=x86-64'
 /usr/lib/gcc/x86_64-linux-gnu/7/cc1plus -quiet -v -imultiarch x86_64-linux-gnu -D_GNU_SOURCE /usr/share/cmake-3.20/Modules/CMakeCXXCompilerABI.cpp -quiet -dumpbase CMakeCXXCompilerABI.cpp -mtune=generic -march=x86-64 -auxbase-strip CMakeFiles/cmTC_c2c64.dir/CMakeCXXCompilerABI.cpp.o -version -fstack-protector-strong -Wformat -Wformat-security -o /tmp/ccYvsN0u.s
GNU C++14 (Ubuntu 7.5.0-3ubuntu1~18.04) version 7.5.0 (x86_64-linux-gnu)
	compiled by GNU C version 7.5.0, GMP version 6.1.2, MPFR version 4.0.1, MPC version 1.1.0, isl version isl-0.19-GMP

GGC heuristics: --param ggc-min-expand=100 --param ggc-min-heapsize=131072
ignoring duplicate directory "/usr/include/x86_64-linux-gnu/c++/7"
ignoring nonexistent directory "/usr/local/include/x86_64-linux-gnu"
ignoring nonexistent directory "/usr/lib/gcc/x86_64-linux-gnu/7/../../../../x86_64-linux-gnu/include"
#include "..." search starts here:
#include <...> search starts here:
 /usr/include/c++/7
 /usr/include/x86_64-linux-gnu/c++/7
 /usr/include/c++/7/backward
 /usr/lib/gcc/x86_64-linux-gnu/7/include
 /usr/local/include
 /usr/lib/gcc/x86_64-linux-gnu/7/include-fixed
 /usr/include/x86_64-linux-gnu
 /usr/include
End of search list.
GNU C++14 (Ubuntu 7.5.0-3ubuntu1~18.04) version 7.5.0 (x86_64-linux-gnu)
	compiled by GNU C version 7.5.0, GMP version 6.1.2, MPFR version 4.0.1, MPC version 1.1.0, isl version isl-0.19-GMP

GGC heuristics: --param ggc-min-expand=100 --param ggc-min-heapsize=131072
Compiler executable checksum: 3eb3dc290cd5714c3e1c3ae751116f07
COLLECT_GCC_OPTIONS='-v' '-o' 'CMakeFiles/cmTC_c2c64.dir/CMakeCXXCompilerABI.cpp.o' '-c' '-shared-libgcc' '-mtune=generic' '-march=x86-64'
 as -v --64 -o CMakeFiles/cmTC_c2c64.dir/CMakeCXXCompilerABI.cpp.o /tmp/ccYvsN0u.s
GNU assembler version 2.30 (x86_64-linux-gnu) using BFD version (GNU Binutils for Ubuntu) 2.30
COMPILER_PATH=/usr/lib/gcc/x86_64-linux-gnu/7/:/usr/lib/gcc/x86_64-linux-gnu/7/:/usr/lib/gcc/x86_64-linux-gnu/:/usr/lib/gcc/x86_64-linux-gnu/7/:/usr/lib/gcc/x86_64-linux-gnu/
LIBRARY_PATH=/usr/lib/gcc/x86_64-linux-gnu/7/:/usr/lib/gcc/x86_64-linux-gnu/7/../../../x86_64-linux-gnu/:/usr/lib/gcc/x86_64-linux-gnu/7/../../../../lib/:/lib/x86_64-linux-gnu/:/lib/../lib/:/usr/lib/x86_64-linux-gnu/:/usr/lib/../lib/:/usr/lib/gcc/x86_64-linux-gnu/7/../../../:/lib/:/usr/lib/
COLLECT_GCC_OPTIONS='-v' '-o' 'CMakeFiles/cmTC_c2c64.dir/CMakeCXXCompilerABI.cpp.o' '-c' '-shared-libgcc' '-mtune=generic' '-march=x86-64'
Linking CXX executable cmTC_c2c64
/usr/bin/cmake -E cmake_link_script CMakeFiles/cmTC_c2c64.dir/link.txt --verbose=1
/usr/bin/c++  -v CMakeFiles/cmTC_c2c64.dir/CMakeCXXCompilerABI.cpp.o -o cmTC_c2c64 
Using built-in specs.
COLLECT_GCC=/usr/bin/c++
COLLECT_LTO_WRAPPER=/usr/lib/gcc/x86_64-linux-gnu/7/lto-wrapper
OFFLOAD_TARGET_NAMES=nvptx-none
OFFLOAD_TARGET_DEFAULT=1
Target: x86_64-linux-gnu
Configured with: ../src/configure -v --with-pkgversion='Ubuntu 7.5.0-3ubuntu1~18.04' --with-bugurl=file:///usr/share/doc/gcc-7/README.Bugs --enable-languages=c,ada,c++,go,brig,d,fortran,objc,obj-c++ --prefix=/usr --with-gcc-major-version-only --program-suffix=-7 --program-prefix=x86_64-linux-gnu- --enable-shared --enable-linker-build-id --libexecdir=/usr/lib --without-included-gettext --enable-threads=posix --libdir=/usr/lib --enable-nls --enable-bootstrap --enable-clocale=gnu --enable-libstdcxx-debug --enable-libstdcxx-time=yes --with-default-libstdcxx-abi=new --enable-gnu-unique-object --disable-vtable-verify --enable-libmpx --enable-plugin --enable-default-pie --with-system-zlib --with-target-system-zlib --enable-objc-gc=auto --enable-multiarch --disable-werror --with-arch-32=i686 --with-abi=m64 --with-multilib-list=m32,m64,mx32 --enable-multilib --with-tune=generic --enable-offload-targets=nvptx-none --without-cuda-driver --enable-checking=release --build=x86_64-linux-gnu --host=x86_64-linux-gnu --target=x86_64-linux-gnu
Thread model: posix
gcc version 7.5.0 (Ubuntu 7.5.0-3ubuntu1~18.04) 
COMPILER_PATH=/usr/lib/gcc/x86_64-linux-gnu/7/:/usr/lib/gcc/x86_64-linux-gnu/7/:/usr/lib/gcc/x86_64-linux-gnu/:/usr/lib/gcc/x86_64-linux-gnu/7/:/usr/lib/gcc/x86_64-linux-gnu/
LIBRARY_PATH=/usr/lib/gcc/x86_64-linux-gnu/7/:/usr/lib/gcc/x86_64-linux-gnu/7/../../../x86_64-linux-gnu/:/usr/lib/gcc/x86_64-linux-gnu/7/../../../../lib/:/lib/x86_64-linux-gnu/:/lib/../lib/:/usr/lib/x86_64-linux-gnu/:/usr/lib/../lib/:/usr/lib/gcc/x86_64-linux-gnu/7/../../../:/lib/:/usr/lib/
COLLECT_GCC_OPTIONS='-v' '-o' 'cmTC_c2c64' '-shared-libgcc' '-mtune=generic' '-march=x86-64'
 /usr/lib/gcc/x86_64-linux-gnu/7/collect2 -plugin /usr/lib/gcc/x86_64-linux-gnu/7/liblto_plugin.so -plugin-opt=/usr/lib/gcc/x86_64-linux-gnu/7/lto-wrapper -plugin-opt=-fresolution=/tmp/cc0F0MCw.res -plugin-opt=-pass-through=-lgcc_s -plugin-opt=-pass-through=-lgcc -plugin-opt=-pass-through=-lc -plugin-opt=-pass-through=-lgcc_s -plugin-opt=-pass-through=-lgcc --build-id --eh-frame-hdr -m elf_x86_64 --hash-style=gnu --as-needed -dynamic-linker /lib64/ld-linux-x86-64.so.2 -pie -z now -z relro -o cmTC_c2c64 /usr/lib/gcc/x86_64-linux-gnu/7/../../../x86_64-linux-gnu/Scrt1.o /usr/lib/gcc/x86_64-linux-gnu/7/../../../x86_64-linux-gnu/crti.o /usr/lib/gcc/x86_64-linux-gnu/7/crtbeginS.o -L/usr/lib/gcc/x86_64-linux-gnu/7 -L/usr/lib/gcc/x86_64-linux-gnu/7/../../../x86_64-linux-gnu -L/usr/lib/gcc/x86_64-linux-gnu/7/../../../../lib -L/lib/x86_64-linux-gnu -L/lib/../lib -L/usr/lib/x86_64-linux-gnu -L/usr/lib/../lib -L/usr/lib/gcc/x86_64-linux-gnu/7/../../.. CMakeFiles/cmTC_c2c64.dir/CMakeCXXCompilerABI.cpp.o -lstdc++ -lm -lgcc_s -lgcc -lc -lgcc_s -lgcc /usr/lib/gcc/x86_64-linux-gnu/7/crtendS.o /usr/lib/gcc/x86_64-linux-gnu/7/../../../x86_64-linux-gnu/crtn.o
COLLECT_GCC_OPTIONS='-v' '-o' 'cmTC_c2c64' '-shared-libgcc' '-mtune=generic' '-march=x86-64'
make[4]: Leaving directory '/home/aishwarya/Desktop/gnss-sdr/build/volk_gnsssdr_module/build/CMakeFiles/CMakeTmp'
make[3]: Leaving directory '/home/aishwarya/Desktop/gnss-sdr/build/volk_gnsssdr_module/build/CMakeFiles/CMakeTmp'



Parsed CXX implicit include dir info from above output: rv=done
  found start of include info
  found start of implicit include info
    add: [/usr/include/c++/7]
    add: [/usr/include/x86_64-linux-gnu/c++/7]
    add: [/usr/include/c++/7/backward]
    add: [/usr/lib/gcc/x86_64-linux-gnu/7/include]
    add: [/usr/local/include]
    add: [/usr/lib/gcc/x86_64-linux-gnu/7/include-fixed]
    add: [/usr/include/x86_64-linux-gnu]
    add: [/usr/include]
  end of search list found
  collapse include dir [/usr/include/c++/7] ==> [/usr/include/c++/7]
  collapse include dir [/usr/include/x86_64-linux-gnu/c++/7] ==> [/usr/include/x86_64-linux-gnu/c++/7]
  collapse include dir [/usr/include/c++/7/backward] ==> [/usr/include/c++/7/backward]
  collapse include dir [/usr/lib/gcc/x86_64-linux-gnu/7/include] ==> [/usr/lib/gcc/x86_64-linux-gnu/7/include]
  collapse include dir [/usr/local/include] ==> [/usr/local/include]
  collapse include dir [/usr/lib/gcc/x86_64-linux-gnu/7/include-fixed] ==> [/usr/lib/gcc/x86_64-linux-gnu/7/include-fixed]
  collapse include dir [/usr/include/x86_64-linux-gnu] ==> [/usr/include/x86_64-linux-gnu]
  collapse include dir [/usr/include] ==> [/usr/include]
  implicit include dirs: [/usr/include/c++/7;/usr/include/x86_64-linux-gnu/c++/7;/usr/include/c++/7/backward;/usr/lib/gcc/x86_64-linux-gnu/7/include;/usr/local/include;/usr/lib/gcc/x86_64-linux-gnu/7/include-fixed;/usr/include/x86_64-linux-gnu;/usr/include]


Parsed CXX implicit link information from above output:
  link line regex: [^( *|.*[/\])(ld|CMAKE_LINK_STARTFILE-NOTFOUND|([^/\]+-)?ld|collect2)[^/\]*( |$)]
  ignore line: [Change Dir: /home/aishwarya/Desktop/gnss-sdr/build/volk_gnsssdr_module/build/CMakeFiles/CMakeTmp]
  ignore line: []
  ignore line: [Run Build Command(s):/usr/bin/make -f Makefile cmTC_c2c64/fast && make[3]: Entering directory '/home/aishwarya/Desktop/gnss-sdr/build/volk_gnsssdr_module/build/CMakeFiles/CMakeTmp']
  ignore line: [/usr/bin/make  -f CMakeFiles/cmTC_c2c64.dir/build.make CMakeFiles/cmTC_c2c64.dir/build]
  ignore line: [make[4]: Entering directory '/home/aishwarya/Desktop/gnss-sdr/build/volk_gnsssdr_module/build/CMakeFiles/CMakeTmp']
  ignore line: [Building CXX object CMakeFiles/cmTC_c2c64.dir/CMakeCXXCompilerABI.cpp.o]
  ignore line: [/usr/bin/c++   -v -o CMakeFiles/cmTC_c2c64.dir/CMakeCXXCompilerABI.cpp.o -c /usr/share/cmake-3.20/Modules/CMakeCXXCompilerABI.cpp]
  ignore line: [Using built-in specs.]
  ignore line: [COLLECT_GCC=/usr/bin/c++]
  ignore line: [OFFLOAD_TARGET_NAMES=nvptx-none]
  ignore line: [OFFLOAD_TARGET_DEFAULT=1]
  ignore line: [Target: x86_64-linux-gnu]
  ignore line: [Configured with: ../src/configure -v --with-pkgversion='Ubuntu 7.5.0-3ubuntu1~18.04' --with-bugurl=file:///usr/share/doc/gcc-7/README.Bugs --enable-languages=c ada c++ go brig d fortran objc obj-c++ --prefix=/usr --with-gcc-major-version-only --program-suffix=-7 --program-prefix=x86_64-linux-gnu- --enable-shared --enable-linker-build-id --libexecdir=/usr/lib --without-included-gettext --enable-threads=posix --libdir=/usr/lib --enable-nls --enable-bootstrap --enable-clocale=gnu --enable-libstdcxx-debug --enable-libstdcxx-time=yes --with-default-libstdcxx-abi=new --enable-gnu-unique-object --disable-vtable-verify --enable-libmpx --enable-plugin --enable-default-pie --with-system-zlib --with-target-system-zlib --enable-objc-gc=auto --enable-multiarch --disable-werror --with-arch-32=i686 --with-abi=m64 --with-multilib-list=m32 m64 mx32 --enable-multilib --with-tune=generic --enable-offload-targets=nvptx-none --without-cuda-driver --enable-checking=release --build=x86_64-linux-gnu --host=x86_64-linux-gnu --target=x86_64-linux-gnu]
  ignore line: [Thread model: posix]
  ignore line: [gcc version 7.5.0 (Ubuntu 7.5.0-3ubuntu1~18.04) ]
  ignore line: [COLLECT_GCC_OPTIONS='-v' '-o' 'CMakeFiles/cmTC_c2c64.dir/CMakeCXXCompilerABI.cpp.o' '-c' '-shared-libgcc' '-mtune=generic' '-march=x86-64']
  ignore line: [ /usr/lib/gcc/x86_64-linux-gnu/7/cc1plus -quiet -v -imultiarch x86_64-linux-gnu -D_GNU_SOURCE /usr/share/cmake-3.20/Modules/CMakeCXXCompilerABI.cpp -quiet -dumpbase CMakeCXXCompilerABI.cpp -mtune=generic -march=x86-64 -auxbase-strip CMakeFiles/cmTC_c2c64.dir/CMakeCXXCompilerABI.cpp.o -version -fstack-protector-strong -Wformat -Wformat-security -o /tmp/ccYvsN0u.s]
  ignore line: [GNU C++14 (Ubuntu 7.5.0-3ubuntu1~18.04) version 7.5.0 (x86_64-linux-gnu)]
  ignore line: [	compiled by GNU C version 7.5.0  GMP version 6.1.2  MPFR version 4.0.1  MPC version 1.1.0  isl version isl-0.19-GMP]
  ignore line: []
  ignore line: [GGC heuristics: --param ggc-min-expand=100 --param ggc-min-heapsize=131072]
  ignore line: [ignoring duplicate directory "/usr/include/x86_64-linux-gnu/c++/7"]
  ignore line: [ignoring nonexistent directory "/usr/local/include/x86_64-linux-gnu"]
  ignore line: [ignoring nonexistent directory "/usr/lib/gcc/x86_64-linux-gnu/7/../../../../x86_64-linux-gnu/include"]
  ignore line: [#include "..." search starts here:]
  ignore line: [#include <...> search starts here:]
  ignore line: [ /usr/include/c++/7]
  ignore line: [ /usr/include/x86_64-linux-gnu/c++/7]
  ignore line: [ /usr/include/c++/7/backward]
  ignore line: [ /usr/lib/gcc/x86_64-linux-gnu/7/include]
  ignore line: [ /usr/local/include]
  ignore line: [ /usr/lib/gcc/x86_64-linux-gnu/7/include-fixed]
  ignore line: [ /usr/include/x86_64-linux-gnu]
  ignore line: [ /usr/include]
  ignore line: [End of search list.]
  ignore line: [GNU C++14 (Ubuntu 7.5.0-3ubuntu1~18.04) version 7.5.0 (x86_64-linux-gnu)]
  ignore line: [	compiled by GNU C version 7.5.0  GMP version 6.1.2  MPFR version 4.0.1  MPC version 1.1.0  isl version isl-0.19-GMP]
  ignore line: []
  ignore line: [GGC heuristics: --param ggc-min-expand=100 --param ggc-min-heapsize=131072]
  ignore line: [Compiler executable checksum: 3eb3dc290cd5714c3e1c3ae751116f07]
  ignore line: [COLLECT_GCC_OPTIONS='-v' '-o' 'CMakeFiles/cmTC_c2c64.dir/CMakeCXXCompilerABI.cpp.o' '-c' '-shared-libgcc' '-mtune=generic' '-march=x86-64']
  ignore line: [ as -v --64 -o CMakeFiles/cmTC_c2c64.dir/CMakeCXXCompilerABI.cpp.o /tmp/ccYvsN0u.s]
  ignore line: [GNU assembler version 2.30 (x86_64-linux-gnu) using BFD version (GNU Binutils for Ubuntu) 2.30]
  ignore line: [COMPILER_PATH=/usr/lib/gcc/x86_64-linux-gnu/7/:/usr/lib/gcc/x86_64-linux-gnu/7/:/usr/lib/gcc/x86_64-linux-gnu/:/usr/lib/gcc/x86_64-linux-gnu/7/:/usr/lib/gcc/x86_64-linux-gnu/]
  ignore line: [LIBRARY_PATH=/usr/lib/gcc/x86_64-linux-gnu/7/:/usr/lib/gcc/x86_64-linux-gnu/7/../../../x86_64-linux-gnu/:/usr/lib/gcc/x86_64-linux-gnu/7/../../../../lib/:/lib/x86_64-linux-gnu/:/lib/../lib/:/usr/lib/x86_64-linux-gnu/:/usr/lib/../lib/:/usr/lib/gcc/x86_64-linux-gnu/7/../../../:/lib/:/usr/lib/]
  ignore line: [COLLECT_GCC_OPTIONS='-v' '-o' 'CMakeFiles/cmTC_c2c64.dir/CMakeCXXCompilerABI.cpp.o' '-c' '-shared-libgcc' '-mtune=generic' '-march=x86-64']
  ignore line: [Linking CXX executable cmTC_c2c64]
  ignore line: [/usr/bin/cmake -E cmake_link_script CMakeFiles/cmTC_c2c64.dir/link.txt --verbose=1]
  ignore line: [/usr/bin/c++  -v CMakeFiles/cmTC_c2c64.dir/CMakeCXXCompilerABI.cpp.o -o cmTC_c2c64 ]
  ignore line: [Using built-in specs.]
  ignore line: [COLLECT_GCC=/usr/bin/c++]
  ignore line: [COLLECT_LTO_WRAPPER=/usr/lib/gcc/x86_64-linux-gnu/7/lto-wrapper]
  ignore line: [OFFLOAD_TARGET_NAMES=nvptx-none]
  ignore line: [OFFLOAD_TARGET_DEFAULT=1]
  ignore line: [Target: x86_64-linux-gnu]
  ignore line: [Configured with: ../src/configure -v --with-pkgversion='Ubuntu 7.5.0-3ubuntu1~18.04' --with-bugurl=file:///usr/share/doc/gcc-7/README.Bugs --enable-languages=c ada c++ go brig d fortran objc obj-c++ --prefix=/usr --with-gcc-major-version-only --program-suffix=-7 --program-prefix=x86_64-linux-gnu- --enable-shared --enable-linker-build-id --libexecdir=/usr/lib --without-included-gettext --enable-threads=posix --libdir=/usr/lib --enable-nls --enable-bootstrap --enable-clocale=gnu --enable-libstdcxx-debug --enable-libstdcxx-time=yes --with-default-libstdcxx-abi=new --enable-gnu-unique-object --disable-vtable-verify --enable-libmpx --enable-plugin --enable-default-pie --with-system-zlib --with-target-system-zlib --enable-objc-gc=auto --enable-multiarch --disable-werror --with-arch-32=i686 --with-abi=m64 --with-multilib-list=m32 m64 mx32 --enable-multilib --with-tune=generic --enable-offload-targets=nvptx-none --without-cuda-driver --enable-checking=release --build=x86_64-linux-gnu --host=x86_64-linux-gnu --target=x86_64-linux-gnu]
  ignore line: [Thread model: posix]
  ignore line: [gcc version 7.5.0 (Ubuntu 7.5.0-3ubuntu1~18.04) ]
  ignore line: [COMPILER_PATH=/usr/lib/gcc/x86_64-linux-gnu/7/:/usr/lib/gcc/x86_64-linux-gnu/7/:/usr/lib/gcc/x86_64-linux-gnu/:/usr/lib/gcc/x86_64-linux-gnu/7/:/usr/lib/gcc/x86_64-linux-gnu/]
  ignore line: [LIBRARY_PATH=/usr/lib/gcc/x86_64-linux-gnu/7/:/usr/lib/gcc/x86_64-linux-gnu/7/../../../x86_64-linux-gnu/:/usr/lib/gcc/x86_64-linux-gnu/7/../../../../lib/:/lib/x86_64-linux-gnu/:/lib/../lib/:/usr/lib/x86_64-linux-gnu/:/usr/lib/../lib/:/usr/lib/gcc/x86_64-linux-gnu/7/../../../:/lib/:/usr/lib/]
  ignore line: [COLLECT_GCC_OPTIONS='-v' '-o' 'cmTC_c2c64' '-shared-libgcc' '-mtune=generic' '-march=x86-64']
  link line: [ /usr/lib/gcc/x86_64-linux-gnu/7/collect2 -plugin /usr/lib/gcc/x86_64-linux-gnu/7/liblto_plugin.so -plugin-opt=/usr/lib/gcc/x86_64-linux-gnu/7/lto-wrapper -plugin-opt=-fresolution=/tmp/cc0F0MCw.res -plugin-opt=-pass-through=-lgcc_s -plugin-opt=-pass-through=-lgcc -plugin-opt=-pass-through=-lc -plugin-opt=-pass-through=-lgcc_s -plugin-opt=-pass-through=-lgcc --build-id --eh-frame-hdr -m elf_x86_64 --hash-style=gnu --as-needed -dynamic-linker /lib64/ld-linux-x86-64.so.2 -pie -z now -z relro -o cmTC_c2c64 /usr/lib/gcc/x86_64-linux-gnu/7/../../../x86_64-linux-gnu/Scrt1.o /usr/lib/gcc/x86_64-linux-gnu/7/../../../x86_64-linux-gnu/crti.o /usr/lib/gcc/x86_64-linux-gnu/7/crtbeginS.o -L/usr/lib/gcc/x86_64-linux-gnu/7 -L/usr/lib/gcc/x86_64-linux-gnu/7/../../../x86_64-linux-gnu -L/usr/lib/gcc/x86_64-linux-gnu/7/../../../../lib -L/lib/x86_64-linux-gnu -L/lib/../lib -L/usr/lib/x86_64-linux-gnu -L/usr/lib/../lib -L/usr/lib/gcc/x86_64-linux-gnu/7/../../.. CMakeFiles/cmTC_c2c64.dir/CMakeCXXCompilerABI.cpp.o -lstdc++ -lm -lgcc_s -lgcc -lc -lgcc_s -lgcc /usr/lib/gcc/x86_64-linux-gnu/7/crtendS.o /usr/lib/gcc/x86_64-linux-gnu/7/../../../x86_64-linux-gnu/crtn.o]
    arg [/usr/lib/gcc/x86_64-linux-gnu/7/collect2] ==> ignore
    arg [-plugin] ==> ignore
    arg [/usr/lib/gcc/x86_64-linux-gnu/7/liblto_plugin.so] ==> ignore
    arg [-plugin-opt=/usr/lib/gcc/x86_64-linux-gnu/7/lto-wrapper] ==> ignore
    arg [-plugin-opt=-fresolution=/tmp/cc0F0MCw.res] ==> ignore
    arg [-plugin-opt=-pass-through=-lgcc_s] ==> ignore
    arg [-plugin-opt=-pass-through=-lgcc] ==> ignore
    arg [-plugin-opt=-pass-through=-lc] ==> ignore
    arg [-plugin-opt=-pass-through=-lgcc_s] ==> ignore
    arg [-plugin-opt=-pass-through=-lgcc] ==> ignore
    arg [--build-id] ==> ignore
    arg [--eh-frame-hdr] ==> ignore
    arg [-m] ==> ignore
    arg [elf_x86_64] ==> ignore
    arg [--hash-style=gnu] ==> ignore
    arg [--as-needed] ==> ignore
    arg [-dynamic-linker] ==> ignore
    arg [/lib64/ld-linux-x86-64.so.2] ==> ignore
    arg [-pie] ==> ignore
    arg [-znow] ==> ignore
    arg [-zrelro] ==> ignore
    arg [-o] ==> ignore
    arg [cmTC_c2c64] ==> ignore
    arg [/usr/lib/gcc/x86_64-linux-gnu/7/../../../x86_64-linux-gnu/Scrt1.o] ==> obj [/usr/lib/gcc/x86_64-linux-gnu/7/../../../x86_64-linux-gnu/Scrt1.o]
    arg [/usr/lib/gcc/x86_64-linux-gnu/7/../../../x86_64-linux-gnu/crti.o] ==> obj [/usr/lib/gcc/x86_64-linux-gnu/7/../../../x86_64-linux-gnu/crti.o]
    arg [/usr/lib/gcc/x86_64-linux-gnu/7/crtbeginS.o] ==> obj [/usr/lib/gcc/x86_64-linux-gnu/7/crtbeginS.o]
    arg [-L/usr/lib/gcc/x86_64-linux-gnu/7] ==> dir [/usr/lib/gcc/x86_64-linux-gnu/7]
    arg [-L/usr/lib/gcc/x86_64-linux-gnu/7/../../../x86_64-linux-gnu] ==> dir [/usr/lib/gcc/x86_64-linux-gnu/7/../../../x86_64-linux-gnu]
    arg [-L/usr/lib/gcc/x86_64-linux-gnu/7/../../../../lib] ==> dir [/usr/lib/gcc/x86_64-linux-gnu/7/../../../../lib]
    arg [-L/lib/x86_64-linux-gnu] ==> dir [/lib/x86_64-linux-gnu]
    arg [-L/lib/../lib] ==> dir [/lib/../lib]
    arg [-L/usr/lib/x86_64-linux-gnu] ==> dir [/usr/lib/x86_64-linux-gnu]
    arg [-L/usr/lib/../lib] ==> dir [/usr/lib/../lib]
    arg [-L/usr/lib/gcc/x86_64-linux-gnu/7/../../..] ==> dir [/usr/lib/gcc/x86_64-linux-gnu/7/../../..]
    arg [CMakeFiles/cmTC_c2c64.dir/CMakeCXXCompilerABI.cpp.o] ==> ignore
    arg [-lstdc++] ==> lib [stdc++]
    arg [-lm] ==> lib [m]
    arg [-lgcc_s] ==> lib [gcc_s]
    arg [-lgcc] ==> lib [gcc]
    arg [-lc] ==> lib [c]
    arg [-lgcc_s] ==> lib [gcc_s]
    arg [-lgcc] ==> lib [gcc]
    arg [/usr/lib/gcc/x86_64-linux-gnu/7/crtendS.o] ==> obj [/usr/lib/gcc/x86_64-linux-gnu/7/crtendS.o]
    arg [/usr/lib/gcc/x86_64-linux-gnu/7/../../../x86_64-linux-gnu/crtn.o] ==> obj [/usr/lib/gcc/x86_64-linux-gnu/7/../../../x86_64-linux-gnu/crtn.o]
  collapse obj [/usr/lib/gcc/x86_64-linux-gnu/7/../../../x86_64-linux-gnu/Scrt1.o] ==> [/usr/lib/x86_64-linux-gnu/Scrt1.o]
  collapse obj [/usr/lib/gcc/x86_64-linux-gnu/7/../../../x86_64-linux-gnu/crti.o] ==> [/usr/lib/x86_64-linux-gnu/crti.o]
  collapse obj [/usr/lib/gcc/x86_64-linux-gnu/7/../../../x86_64-linux-gnu/crtn.o] ==> [/usr/lib/x86_64-linux-gnu/crtn.o]
  collapse library dir [/usr/lib/gcc/x86_64-linux-gnu/7] ==> [/usr/lib/gcc/x86_64-linux-gnu/7]
  collapse library dir [/usr/lib/gcc/x86_64-linux-gnu/7/../../../x86_64-linux-gnu] ==> [/usr/lib/x86_64-linux-gnu]
  collapse library dir [/usr/lib/gcc/x86_64-linux-gnu/7/../../../../lib] ==> [/usr/lib]
  collapse library dir [/lib/x86_64-linux-gnu] ==> [/lib/x86_64-linux-gnu]
  collapse library dir [/lib/../lib] ==> [/lib]
  collapse library dir [/usr/lib/x86_64-linux-gnu] ==> [/usr/lib/x86_64-linux-gnu]
  collapse library dir [/usr/lib/../lib] ==> [/usr/lib]
  collapse library dir [/usr/lib/gcc/x86_64-linux-gnu/7/../../..] ==> [/usr/lib]
  implicit libs: [stdc++;m;gcc_s;gcc;c;gcc_s;gcc]
  implicit objs: [/usr/lib/x86_64-linux-gnu/Scrt1.o;/usr/lib/x86_64-linux-gnu/crti.o;/usr/lib/gcc/x86_64-linux-gnu/7/crtbeginS.o;/usr/lib/gcc/x86_64-linux-gnu/7/crtendS.o;/usr/lib/x86_64-linux-gnu/crtn.o]
  implicit dirs: [/usr/lib/gcc/x86_64-linux-gnu/7;/usr/lib/x86_64-linux-gnu;/usr/lib;/lib/x86_64-linux-gnu;/lib]
  implicit fwks: []


Determining if the include file experimental/filesystem exists passed with the following output:
Change Dir: /home/aishwarya/Desktop/gnss-sdr/build/volk_gnsssdr_module/build/CMakeFiles/CMakeTmp

Run Build Command(s):/usr/bin/make -f Makefile cmTC_edee1/fast && make[3]: Entering directory '/home/aishwarya/Desktop/gnss-sdr/build/volk_gnsssdr_module/build/CMakeFiles/CMakeTmp'
/usr/bin/make  -f CMakeFiles/cmTC_edee1.dir/build.make CMakeFiles/cmTC_edee1.dir/build
make[4]: Entering directory '/home/aishwarya/Desktop/gnss-sdr/build/volk_gnsssdr_module/build/CMakeFiles/CMakeTmp'
Building CXX object CMakeFiles/cmTC_edee1.dir/CheckIncludeFile.cxx.o
/usr/bin/c++   -std=c++1z -o CMakeFiles/cmTC_edee1.dir/CheckIncludeFile.cxx.o -c /home/aishwarya/Desktop/gnss-sdr/build/volk_gnsssdr_module/build/CMakeFiles/CMakeTmp/CheckIncludeFile.cxx
Linking CXX executable cmTC_edee1
/usr/bin/cmake -E cmake_link_script CMakeFiles/cmTC_edee1.dir/link.txt --verbose=1
/usr/bin/c++ CMakeFiles/cmTC_edee1.dir/CheckIncludeFile.cxx.o -o cmTC_edee1 
make[4]: Leaving directory '/home/aishwarya/Desktop/gnss-sdr/build/volk_gnsssdr_module/build/CMakeFiles/CMakeTmp'
make[3]: Leaving directory '/home/aishwarya/Desktop/gnss-sdr/build/volk_gnsssdr_module/build/CMakeFiles/CMakeTmp'



Performing C++ SOURCE FILE Test CXX_FILESYSTEM_STDCPPFS_NEEDED succeeded with the following output:
Change Dir: /home/aishwarya/Desktop/gnss-sdr/build/volk_gnsssdr_module/build/CMakeFiles/CMakeTmp

Run Build Command(s):/usr/bin/make -f Makefile cmTC_3d729/fast && make[3]: Entering directory '/home/aishwarya/Desktop/gnss-sdr/build/volk_gnsssdr_module/build/CMakeFiles/CMakeTmp'
/usr/bin/make  -f CMakeFiles/cmTC_3d729.dir/build.make CMakeFiles/cmTC_3d729.dir/build
make[4]: Entering directory '/home/aishwarya/Desktop/gnss-sdr/build/volk_gnsssdr_module/build/CMakeFiles/CMakeTmp'
Building CXX object CMakeFiles/cmTC_3d729.dir/src.cxx.o
/usr/bin/c++ -DCXX_FILESYSTEM_STDCPPFS_NEEDED  -std=c++17 -std=c++1z -o CMakeFiles/cmTC_3d729.dir/src.cxx.o -c /home/aishwarya/Desktop/gnss-sdr/build/volk_gnsssdr_module/build/CMakeFiles/CMakeTmp/src.cxx
Linking CXX executable cmTC_3d729
/usr/bin/cmake -E cmake_link_script CMakeFiles/cmTC_3d729.dir/link.txt --verbose=1
/usr/bin/c++  -std=c++17 CMakeFiles/cmTC_3d729.dir/src.cxx.o -o cmTC_3d729  -lstdc++fs 
make[4]: Leaving directory '/home/aishwarya/Desktop/gnss-sdr/build/volk_gnsssdr_module/build/CMakeFiles/CMakeTmp'
make[3]: Leaving directory '/home/aishwarya/Desktop/gnss-sdr/build/volk_gnsssdr_module/build/CMakeFiles/CMakeTmp'


Source file was:
        #include <experimental/filesystem>

        int main() {
            auto cwd = std::experimental::filesystem::current_path();
            return static_cast<int>(cwd.string().size());
        }
    
Performing C++ SOURCE FILE Test HAVE_CX_LIMITED_RANGE succeeded with the following output:
Change Dir: /home/aishwarya/Desktop/gnss-sdr/build/volk_gnsssdr_module/build/CMakeFiles/CMakeTmp

Run Build Command(s):/usr/bin/make -f Makefile cmTC_190f0/fast && make[3]: Entering directory '/home/aishwarya/Desktop/gnss-sdr/build/volk_gnsssdr_module/build/CMakeFiles/CMakeTmp'
/usr/bin/make  -f CMakeFiles/cmTC_190f0.dir/build.make CMakeFiles/cmTC_190f0.dir/build
make[4]: Entering directory '/home/aishwarya/Desktop/gnss-sdr/build/volk_gnsssdr_module/build/CMakeFiles/CMakeTmp'
Building CXX object CMakeFiles/cmTC_190f0.dir/src.cxx.o
/usr/bin/c++ -DHAVE_CX_LIMITED_RANGE  -fcx-limited-range -std=c++14 -o CMakeFiles/cmTC_190f0.dir/src.cxx.o -c /home/aishwarya/Desktop/gnss-sdr/build/volk_gnsssdr_module/build/CMakeFiles/CMakeTmp/src.cxx
Linking CXX executable cmTC_190f0
/usr/bin/cmake -E cmake_link_script CMakeFiles/cmTC_190f0.dir/link.txt --verbose=1
/usr/bin/c++ CMakeFiles/cmTC_190f0.dir/src.cxx.o -o cmTC_190f0 
make[4]: Leaving directory '/home/aishwarya/Desktop/gnss-sdr/build/volk_gnsssdr_module/build/CMakeFiles/CMakeTmp'
make[3]: Leaving directory '/home/aishwarya/Desktop/gnss-sdr/build/volk_gnsssdr_module/build/CMakeFiles/CMakeTmp'


Source file was:
int main() { return 0; }
Performing C SOURCE FILE Test HAVE_C_LIMITED_RANGE succeeded with the following output:
Change Dir: /home/aishwarya/Desktop/gnss-sdr/build/volk_gnsssdr_module/build/CMakeFiles/CMakeTmp

Run Build Command(s):/usr/bin/make -f Makefile cmTC_88ea8/fast && make[3]: Entering directory '/home/aishwarya/Desktop/gnss-sdr/build/volk_gnsssdr_module/build/CMakeFiles/CMakeTmp'
/usr/bin/make  -f CMakeFiles/cmTC_88ea8.dir/build.make CMakeFiles/cmTC_88ea8.dir/build
make[4]: Entering directory '/home/aishwarya/Desktop/gnss-sdr/build/volk_gnsssdr_module/build/CMakeFiles/CMakeTmp'
Building C object CMakeFiles/cmTC_88ea8.dir/src.c.o
/usr/bin/cc -DHAVE_C_LIMITED_RANGE  -fcx-limited-range -o CMakeFiles/cmTC_88ea8.dir/src.c.o -c /home/aishwarya/Desktop/gnss-sdr/build/volk_gnsssdr_module/build/CMakeFiles/CMakeTmp/src.c
Linking C executable cmTC_88ea8
/usr/bin/cmake -E cmake_link_script CMakeFiles/cmTC_88ea8.dir/link.txt --verbose=1
/usr/bin/cc CMakeFiles/cmTC_88ea8.dir/src.c.o -o cmTC_88ea8 
make[4]: Leaving directory '/home/aishwarya/Desktop/gnss-sdr/build/volk_gnsssdr_module/build/CMakeFiles/CMakeTmp'
make[3]: Leaving directory '/home/aishwarya/Desktop/gnss-sdr/build/volk_gnsssdr_module/build/CMakeFiles/CMakeTmp'


Source file was:
int main(void) { return 0; }
Determining if the include file dlfcn.h exists passed with the following output:
Change Dir: /home/aishwarya/Desktop/gnss-sdr/build/volk_gnsssdr_module/build/CMakeFiles/CMakeTmp

Run Build Command(s):/usr/bin/make -f Makefile cmTC_b2b12/fast && make[3]: Entering directory '/home/aishwarya/Desktop/gnss-sdr/build/volk_gnsssdr_module/build/CMakeFiles/CMakeTmp'
/usr/bin/make  -f CMakeFiles/cmTC_b2b12.dir/build.make CMakeFiles/cmTC_b2b12.dir/build
make[4]: Entering directory '/home/aishwarya/Desktop/gnss-sdr/build/volk_gnsssdr_module/build/CMakeFiles/CMakeTmp'
Building C object CMakeFiles/cmTC_b2b12.dir/CheckIncludeFile.c.o
/usr/bin/cc   -fcx-limited-range -Wall -Werror=incompatible-pointer-types -Werror=pointer-sign  -o CMakeFiles/cmTC_b2b12.dir/CheckIncludeFile.c.o -c /home/aishwarya/Desktop/gnss-sdr/build/volk_gnsssdr_module/build/CMakeFiles/CMakeTmp/CheckIncludeFile.c
Linking C executable cmTC_b2b12
/usr/bin/cmake -E cmake_link_script CMakeFiles/cmTC_b2b12.dir/link.txt --verbose=1
/usr/bin/cc  -fcx-limited-range -Wall -Werror=incompatible-pointer-types -Werror=pointer-sign  -rdynamic CMakeFiles/cmTC_b2b12.dir/CheckIncludeFile.c.o -o cmTC_b2b12 
make[4]: Leaving directory '/home/aishwarya/Desktop/gnss-sdr/build/volk_gnsssdr_module/build/CMakeFiles/CMakeTmp'
make[3]: Leaving directory '/home/aishwarya/Desktop/gnss-sdr/build/volk_gnsssdr_module/build/CMakeFiles/CMakeTmp'



Determining if the getauxval exist passed with the following output:
Change Dir: /home/aishwarya/Desktop/gnss-sdr/build/volk_gnsssdr_module/build/CMakeFiles/CMakeTmp

Run Build Command(s):/usr/bin/make -f Makefile cmTC_03680/fast && make[3]: Entering directory '/home/aishwarya/Desktop/gnss-sdr/build/volk_gnsssdr_module/build/CMakeFiles/CMakeTmp'
/usr/bin/make  -f CMakeFiles/cmTC_03680.dir/build.make CMakeFiles/cmTC_03680.dir/build
make[4]: Entering directory '/home/aishwarya/Desktop/gnss-sdr/build/volk_gnsssdr_module/build/CMakeFiles/CMakeTmp'
Building C object CMakeFiles/cmTC_03680.dir/CheckSymbolExists.c.o
/usr/bin/cc   -fcx-limited-range -Wall -Werror=incompatible-pointer-types -Werror=pointer-sign  -o CMakeFiles/cmTC_03680.dir/CheckSymbolExists.c.o -c /home/aishwarya/Desktop/gnss-sdr/build/volk_gnsssdr_module/build/CMakeFiles/CMakeTmp/CheckSymbolExists.c
Linking C executable cmTC_03680
/usr/bin/cmake -E cmake_link_script CMakeFiles/cmTC_03680.dir/link.txt --verbose=1
/usr/bin/cc  -fcx-limited-range -Wall -Werror=incompatible-pointer-types -Werror=pointer-sign  -rdynamic CMakeFiles/cmTC_03680.dir/CheckSymbolExists.c.o -o cmTC_03680 
make[4]: Leaving directory '/home/aishwarya/Desktop/gnss-sdr/build/volk_gnsssdr_module/build/CMakeFiles/CMakeTmp'
make[3]: Leaving directory '/home/aishwarya/Desktop/gnss-sdr/build/volk_gnsssdr_module/build/CMakeFiles/CMakeTmp'


File /home/aishwarya/Desktop/gnss-sdr/build/volk_gnsssdr_module/build/CMakeFiles/CMakeTmp/CheckSymbolExists.c:
/* */
#include <sys/auxv.h>

int main(int argc, char** argv)
{
  (void)argv;
#ifndef getauxval
  return ((int*)(&getauxval))[argc];
#else
  (void)argc;
  return 0;
#endif
}
Determining if the aligned_alloc exist passed with the following output:
Change Dir: /home/aishwarya/Desktop/gnss-sdr/build/volk_gnsssdr_module/build/CMakeFiles/CMakeTmp

Run Build Command(s):/usr/bin/make -f Makefile cmTC_18e55/fast && make[3]: Entering directory '/home/aishwarya/Desktop/gnss-sdr/build/volk_gnsssdr_module/build/CMakeFiles/CMakeTmp'
/usr/bin/make  -f CMakeFiles/cmTC_18e55.dir/build.make CMakeFiles/cmTC_18e55.dir/build
make[4]: Entering directory '/home/aishwarya/Desktop/gnss-sdr/build/volk_gnsssdr_module/build/CMakeFiles/CMakeTmp'
Building C object CMakeFiles/cmTC_18e55.dir/CheckSymbolExists.c.o
/usr/bin/cc   -fcx-limited-range -Wall -Werror=incompatible-pointer-types -Werror=pointer-sign  -o CMakeFiles/cmTC_18e55.dir/CheckSymbolExists.c.o -c /home/aishwarya/Desktop/gnss-sdr/build/volk_gnsssdr_module/build/CMakeFiles/CMakeTmp/CheckSymbolExists.c
Linking C executable cmTC_18e55
/usr/bin/cmake -E cmake_link_script CMakeFiles/cmTC_18e55.dir/link.txt --verbose=1
/usr/bin/cc  -fcx-limited-range -Wall -Werror=incompatible-pointer-types -Werror=pointer-sign  -rdynamic CMakeFiles/cmTC_18e55.dir/CheckSymbolExists.c.o -o cmTC_18e55 
make[4]: Leaving directory '/home/aishwarya/Desktop/gnss-sdr/build/volk_gnsssdr_module/build/CMakeFiles/CMakeTmp'
make[3]: Leaving directory '/home/aishwarya/Desktop/gnss-sdr/build/volk_gnsssdr_module/build/CMakeFiles/CMakeTmp'


File /home/aishwarya/Desktop/gnss-sdr/build/volk_gnsssdr_module/build/CMakeFiles/CMakeTmp/CheckSymbolExists.c:
/* */
#include <stdlib.h>

int main(int argc, char** argv)
{
  (void)argv;
#ifndef aligned_alloc
  return ((int*)(&aligned_alloc))[argc];
#else
  (void)argc;
  return 0;
#endif
}
Determining if the include file cpuid.h exists passed with the following output:
Change Dir: /home/aishwarya/Desktop/gnss-sdr/build/volk_gnsssdr_module/build/CMakeFiles/CMakeTmp

Run Build Command(s):/usr/bin/make -f Makefile cmTC_a96e0/fast && make[3]: Entering directory '/home/aishwarya/Desktop/gnss-sdr/build/volk_gnsssdr_module/build/CMakeFiles/CMakeTmp'
/usr/bin/make  -f CMakeFiles/cmTC_a96e0.dir/build.make CMakeFiles/cmTC_a96e0.dir/build
make[4]: Entering directory '/home/aishwarya/Desktop/gnss-sdr/build/volk_gnsssdr_module/build/CMakeFiles/CMakeTmp'
Building C object CMakeFiles/cmTC_a96e0.dir/CheckIncludeFile.c.o
/usr/bin/cc   -fcx-limited-range -Wall -Werror=incompatible-pointer-types -Werror=pointer-sign  -o CMakeFiles/cmTC_a96e0.dir/CheckIncludeFile.c.o -c /home/aishwarya/Desktop/gnss-sdr/build/volk_gnsssdr_module/build/CMakeFiles/CMakeTmp/CheckIncludeFile.c
Linking C executable cmTC_a96e0
/usr/bin/cmake -E cmake_link_script CMakeFiles/cmTC_a96e0.dir/link.txt --verbose=1
/usr/bin/cc  -fcx-limited-range -Wall -Werror=incompatible-pointer-types -Werror=pointer-sign  -rdynamic CMakeFiles/cmTC_a96e0.dir/CheckIncludeFile.c.o -o cmTC_a96e0 
make[4]: Leaving directory '/home/aishwarya/Desktop/gnss-sdr/build/volk_gnsssdr_module/build/CMakeFiles/CMakeTmp'
make[3]: Leaving directory '/home/aishwarya/Desktop/gnss-sdr/build/volk_gnsssdr_module/build/CMakeFiles/CMakeTmp'



Determining if the include file fenv.h exists passed with the following output:
Change Dir: /home/aishwarya/Desktop/gnss-sdr/build/volk_gnsssdr_module/build/CMakeFiles/CMakeTmp

Run Build Command(s):/usr/bin/make -f Makefile cmTC_35e22/fast && make[3]: Entering directory '/home/aishwarya/Desktop/gnss-sdr/build/volk_gnsssdr_module/build/CMakeFiles/CMakeTmp'
/usr/bin/make  -f CMakeFiles/cmTC_35e22.dir/build.make CMakeFiles/cmTC_35e22.dir/build
make[4]: Entering directory '/home/aishwarya/Desktop/gnss-sdr/build/volk_gnsssdr_module/build/CMakeFiles/CMakeTmp'
Building C object CMakeFiles/cmTC_35e22.dir/CheckIncludeFile.c.o
/usr/bin/cc   -fcx-limited-range -Wall -Werror=incompatible-pointer-types -Werror=pointer-sign  -o CMakeFiles/cmTC_35e22.dir/CheckIncludeFile.c.o -c /home/aishwarya/Desktop/gnss-sdr/build/volk_gnsssdr_module/build/CMakeFiles/CMakeTmp/CheckIncludeFile.c
Linking C executable cmTC_35e22
/usr/bin/cmake -E cmake_link_script CMakeFiles/cmTC_35e22.dir/link.txt --verbose=1
/usr/bin/cc  -fcx-limited-range -Wall -Werror=incompatible-pointer-types -Werror=pointer-sign  -rdynamic CMakeFiles/cmTC_35e22.dir/CheckIncludeFile.c.o -o cmTC_35e22 
make[4]: Leaving directory '/home/aishwarya/Desktop/gnss-sdr/build/volk_gnsssdr_module/build/CMakeFiles/CMakeTmp'
make[3]: Leaving directory '/home/aishwarya/Desktop/gnss-sdr/build/volk_gnsssdr_module/build/CMakeFiles/CMakeTmp'



Performing C++ SOURCE FILE Test have_funsafe_math_optimizations succeeded with the following output:
Change Dir: /home/aishwarya/Desktop/gnss-sdr/build/volk_gnsssdr_module/build/CMakeFiles/CMakeTmp

Run Build Command(s):/usr/bin/make -f Makefile cmTC_6f9a0/fast && make[3]: Entering directory '/home/aishwarya/Desktop/gnss-sdr/build/volk_gnsssdr_module/build/CMakeFiles/CMakeTmp'
/usr/bin/make  -f CMakeFiles/cmTC_6f9a0.dir/build.make CMakeFiles/cmTC_6f9a0.dir/build
make[4]: Entering directory '/home/aishwarya/Desktop/gnss-sdr/build/volk_gnsssdr_module/build/CMakeFiles/CMakeTmp'
Building CXX object CMakeFiles/cmTC_6f9a0.dir/src.cxx.o
/usr/bin/c++ -Dhave_funsafe_math_optimizations  -fcx-limited-range  -Wall -Wextra -Wall    -funsafe-math-optimizations -std=c++14 -o CMakeFiles/cmTC_6f9a0.dir/src.cxx.o -c /home/aishwarya/Desktop/gnss-sdr/build/volk_gnsssdr_module/build/CMakeFiles/CMakeTmp/src.cxx
Linking CXX executable cmTC_6f9a0
/usr/bin/cmake -E cmake_link_script CMakeFiles/cmTC_6f9a0.dir/link.txt --verbose=1
/usr/bin/c++  -fcx-limited-range  -Wall -Wextra -Wall  CMakeFiles/cmTC_6f9a0.dir/src.cxx.o -o cmTC_6f9a0 
make[4]: Leaving directory '/home/aishwarya/Desktop/gnss-sdr/build/volk_gnsssdr_module/build/CMakeFiles/CMakeTmp'
make[3]: Leaving directory '/home/aishwarya/Desktop/gnss-sdr/build/volk_gnsssdr_module/build/CMakeFiles/CMakeTmp'


Source file was:
int main() { return 0; }
Performing C++ SOURCE FILE Test have_m64 succeeded with the following output:
Change Dir: /home/aishwarya/Desktop/gnss-sdr/build/volk_gnsssdr_module/build/CMakeFiles/CMakeTmp

Run Build Command(s):/usr/bin/make -f Makefile cmTC_e6c09/fast && make[3]: Entering directory '/home/aishwarya/Desktop/gnss-sdr/build/volk_gnsssdr_module/build/CMakeFiles/CMakeTmp'
/usr/bin/make  -f CMakeFiles/cmTC_e6c09.dir/build.make CMakeFiles/cmTC_e6c09.dir/build
make[4]: Entering directory '/home/aishwarya/Desktop/gnss-sdr/build/volk_gnsssdr_module/build/CMakeFiles/CMakeTmp'
Building CXX object CMakeFiles/cmTC_e6c09.dir/src.cxx.o
/usr/bin/c++ -Dhave_m64  -fcx-limited-range  -Wall -Wextra -Wall    -m64 -std=c++14 -o CMakeFiles/cmTC_e6c09.dir/src.cxx.o -c /home/aishwarya/Desktop/gnss-sdr/build/volk_gnsssdr_module/build/CMakeFiles/CMakeTmp/src.cxx
Linking CXX executable cmTC_e6c09
/usr/bin/cmake -E cmake_link_script CMakeFiles/cmTC_e6c09.dir/link.txt --verbose=1
/usr/bin/c++  -fcx-limited-range  -Wall -Wextra -Wall  CMakeFiles/cmTC_e6c09.dir/src.cxx.o -o cmTC_e6c09 
make[4]: Leaving directory '/home/aishwarya/Desktop/gnss-sdr/build/volk_gnsssdr_module/build/CMakeFiles/CMakeTmp'
make[3]: Leaving directory '/home/aishwarya/Desktop/gnss-sdr/build/volk_gnsssdr_module/build/CMakeFiles/CMakeTmp'


Source file was:
int main() { return 0; }
Performing C++ SOURCE FILE Test have_mpopcnt succeeded with the following output:
Change Dir: /home/aishwarya/Desktop/gnss-sdr/build/volk_gnsssdr_module/build/CMakeFiles/CMakeTmp

Run Build Command(s):/usr/bin/make -f Makefile cmTC_9ed87/fast && make[3]: Entering directory '/home/aishwarya/Desktop/gnss-sdr/build/volk_gnsssdr_module/build/CMakeFiles/CMakeTmp'
/usr/bin/make  -f CMakeFiles/cmTC_9ed87.dir/build.make CMakeFiles/cmTC_9ed87.dir/build
make[4]: Entering directory '/home/aishwarya/Desktop/gnss-sdr/build/volk_gnsssdr_module/build/CMakeFiles/CMakeTmp'
Building CXX object CMakeFiles/cmTC_9ed87.dir/src.cxx.o
/usr/bin/c++ -Dhave_mpopcnt  -fcx-limited-range  -Wall -Wextra -Wall    -mpopcnt -std=c++14 -o CMakeFiles/cmTC_9ed87.dir/src.cxx.o -c /home/aishwarya/Desktop/gnss-sdr/build/volk_gnsssdr_module/build/CMakeFiles/CMakeTmp/src.cxx
Linking CXX executable cmTC_9ed87
/usr/bin/cmake -E cmake_link_script CMakeFiles/cmTC_9ed87.dir/link.txt --verbose=1
/usr/bin/c++  -fcx-limited-range  -Wall -Wextra -Wall  CMakeFiles/cmTC_9ed87.dir/src.cxx.o -o cmTC_9ed87 
make[4]: Leaving directory '/home/aishwarya/Desktop/gnss-sdr/build/volk_gnsssdr_module/build/CMakeFiles/CMakeTmp'
make[3]: Leaving directory '/home/aishwarya/Desktop/gnss-sdr/build/volk_gnsssdr_module/build/CMakeFiles/CMakeTmp'


Source file was:
int main() { return 0; }
Performing C++ SOURCE FILE Test have_mmmx succeeded with the following output:
Change Dir: /home/aishwarya/Desktop/gnss-sdr/build/volk_gnsssdr_module/build/CMakeFiles/CMakeTmp

Run Build Command(s):/usr/bin/make -f Makefile cmTC_84e26/fast && make[3]: Entering directory '/home/aishwarya/Desktop/gnss-sdr/build/volk_gnsssdr_module/build/CMakeFiles/CMakeTmp'
/usr/bin/make  -f CMakeFiles/cmTC_84e26.dir/build.make CMakeFiles/cmTC_84e26.dir/build
make[4]: Entering directory '/home/aishwarya/Desktop/gnss-sdr/build/volk_gnsssdr_module/build/CMakeFiles/CMakeTmp'
Building CXX object CMakeFiles/cmTC_84e26.dir/src.cxx.o
/usr/bin/c++ -Dhave_mmmx  -fcx-limited-range  -Wall -Wextra -Wall    -mmmx -std=c++14 -o CMakeFiles/cmTC_84e26.dir/src.cxx.o -c /home/aishwarya/Desktop/gnss-sdr/build/volk_gnsssdr_module/build/CMakeFiles/CMakeTmp/src.cxx
Linking CXX executable cmTC_84e26
/usr/bin/cmake -E cmake_link_script CMakeFiles/cmTC_84e26.dir/link.txt --verbose=1
/usr/bin/c++  -fcx-limited-range  -Wall -Wextra -Wall  CMakeFiles/cmTC_84e26.dir/src.cxx.o -o cmTC_84e26 
make[4]: Leaving directory '/home/aishwarya/Desktop/gnss-sdr/build/volk_gnsssdr_module/build/CMakeFiles/CMakeTmp'
make[3]: Leaving directory '/home/aishwarya/Desktop/gnss-sdr/build/volk_gnsssdr_module/build/CMakeFiles/CMakeTmp'


Source file was:
int main() { return 0; }
Performing C++ SOURCE FILE Test have_mfma succeeded with the following output:
Change Dir: /home/aishwarya/Desktop/gnss-sdr/build/volk_gnsssdr_module/build/CMakeFiles/CMakeTmp

Run Build Command(s):/usr/bin/make -f Makefile cmTC_cf675/fast && make[3]: Entering directory '/home/aishwarya/Desktop/gnss-sdr/build/volk_gnsssdr_module/build/CMakeFiles/CMakeTmp'
/usr/bin/make  -f CMakeFiles/cmTC_cf675.dir/build.make CMakeFiles/cmTC_cf675.dir/build
make[4]: Entering directory '/home/aishwarya/Desktop/gnss-sdr/build/volk_gnsssdr_module/build/CMakeFiles/CMakeTmp'
Building CXX object CMakeFiles/cmTC_cf675.dir/src.cxx.o
/usr/bin/c++ -Dhave_mfma  -fcx-limited-range  -Wall -Wextra -Wall    -mfma -std=c++14 -o CMakeFiles/cmTC_cf675.dir/src.cxx.o -c /home/aishwarya/Desktop/gnss-sdr/build/volk_gnsssdr_module/build/CMakeFiles/CMakeTmp/src.cxx
Linking CXX executable cmTC_cf675
/usr/bin/cmake -E cmake_link_script CMakeFiles/cmTC_cf675.dir/link.txt --verbose=1
/usr/bin/c++  -fcx-limited-range  -Wall -Wextra -Wall  CMakeFiles/cmTC_cf675.dir/src.cxx.o -o cmTC_cf675 
make[4]: Leaving directory '/home/aishwarya/Desktop/gnss-sdr/build/volk_gnsssdr_module/build/CMakeFiles/CMakeTmp'
make[3]: Leaving directory '/home/aishwarya/Desktop/gnss-sdr/build/volk_gnsssdr_module/build/CMakeFiles/CMakeTmp'


Source file was:
int main() { return 0; }
Performing C++ SOURCE FILE Test have_msse succeeded with the following output:
Change Dir: /home/aishwarya/Desktop/gnss-sdr/build/volk_gnsssdr_module/build/CMakeFiles/CMakeTmp

Run Build Command(s):/usr/bin/make -f Makefile cmTC_0fa8c/fast && make[3]: Entering directory '/home/aishwarya/Desktop/gnss-sdr/build/volk_gnsssdr_module/build/CMakeFiles/CMakeTmp'
/usr/bin/make  -f CMakeFiles/cmTC_0fa8c.dir/build.make CMakeFiles/cmTC_0fa8c.dir/build
make[4]: Entering directory '/home/aishwarya/Desktop/gnss-sdr/build/volk_gnsssdr_module/build/CMakeFiles/CMakeTmp'
Building CXX object CMakeFiles/cmTC_0fa8c.dir/src.cxx.o
/usr/bin/c++ -Dhave_msse  -fcx-limited-range  -Wall -Wextra -Wall    -msse -std=c++14 -o CMakeFiles/cmTC_0fa8c.dir/src.cxx.o -c /home/aishwarya/Desktop/gnss-sdr/build/volk_gnsssdr_module/build/CMakeFiles/CMakeTmp/src.cxx
Linking CXX executable cmTC_0fa8c
/usr/bin/cmake -E cmake_link_script CMakeFiles/cmTC_0fa8c.dir/link.txt --verbose=1
/usr/bin/c++  -fcx-limited-range  -Wall -Wextra -Wall  CMakeFiles/cmTC_0fa8c.dir/src.cxx.o -o cmTC_0fa8c 
make[4]: Leaving directory '/home/aishwarya/Desktop/gnss-sdr/build/volk_gnsssdr_module/build/CMakeFiles/CMakeTmp'
make[3]: Leaving directory '/home/aishwarya/Desktop/gnss-sdr/build/volk_gnsssdr_module/build/CMakeFiles/CMakeTmp'


Source file was:
int main() { return 0; }
Performing C++ SOURCE FILE Test have_msse2 succeeded with the following output:
Change Dir: /home/aishwarya/Desktop/gnss-sdr/build/volk_gnsssdr_module/build/CMakeFiles/CMakeTmp

Run Build Command(s):/usr/bin/make -f Makefile cmTC_94689/fast && make[3]: Entering directory '/home/aishwarya/Desktop/gnss-sdr/build/volk_gnsssdr_module/build/CMakeFiles/CMakeTmp'
/usr/bin/make  -f CMakeFiles/cmTC_94689.dir/build.make CMakeFiles/cmTC_94689.dir/build
make[4]: Entering directory '/home/aishwarya/Desktop/gnss-sdr/build/volk_gnsssdr_module/build/CMakeFiles/CMakeTmp'
Building CXX object CMakeFiles/cmTC_94689.dir/src.cxx.o
/usr/bin/c++ -Dhave_msse2  -fcx-limited-range  -Wall -Wextra -Wall    -msse2 -std=c++14 -o CMakeFiles/cmTC_94689.dir/src.cxx.o -c /home/aishwarya/Desktop/gnss-sdr/build/volk_gnsssdr_module/build/CMakeFiles/CMakeTmp/src.cxx
Linking CXX executable cmTC_94689
/usr/bin/cmake -E cmake_link_script CMakeFiles/cmTC_94689.dir/link.txt --verbose=1
/usr/bin/c++  -fcx-limited-range  -Wall -Wextra -Wall  CMakeFiles/cmTC_94689.dir/src.cxx.o -o cmTC_94689 
make[4]: Leaving directory '/home/aishwarya/Desktop/gnss-sdr/build/volk_gnsssdr_module/build/CMakeFiles/CMakeTmp'
make[3]: Leaving directory '/home/aishwarya/Desktop/gnss-sdr/build/volk_gnsssdr_module/build/CMakeFiles/CMakeTmp'


Source file was:
int main() { return 0; }
Performing C++ SOURCE FILE Test have_msse3 succeeded with the following output:
Change Dir: /home/aishwarya/Desktop/gnss-sdr/build/volk_gnsssdr_module/build/CMakeFiles/CMakeTmp

Run Build Command(s):/usr/bin/make -f Makefile cmTC_db11b/fast && make[3]: Entering directory '/home/aishwarya/Desktop/gnss-sdr/build/volk_gnsssdr_module/build/CMakeFiles/CMakeTmp'
/usr/bin/make  -f CMakeFiles/cmTC_db11b.dir/build.make CMakeFiles/cmTC_db11b.dir/build
make[4]: Entering directory '/home/aishwarya/Desktop/gnss-sdr/build/volk_gnsssdr_module/build/CMakeFiles/CMakeTmp'
Building CXX object CMakeFiles/cmTC_db11b.dir/src.cxx.o
/usr/bin/c++ -Dhave_msse3  -fcx-limited-range  -Wall -Wextra -Wall    -msse3 -std=c++14 -o CMakeFiles/cmTC_db11b.dir/src.cxx.o -c /home/aishwarya/Desktop/gnss-sdr/build/volk_gnsssdr_module/build/CMakeFiles/CMakeTmp/src.cxx
Linking CXX executable cmTC_db11b
/usr/bin/cmake -E cmake_link_script CMakeFiles/cmTC_db11b.dir/link.txt --verbose=1
/usr/bin/c++  -fcx-limited-range  -Wall -Wextra -Wall  CMakeFiles/cmTC_db11b.dir/src.cxx.o -o cmTC_db11b 
make[4]: Leaving directory '/home/aishwarya/Desktop/gnss-sdr/build/volk_gnsssdr_module/build/CMakeFiles/CMakeTmp'
make[3]: Leaving directory '/home/aishwarya/Desktop/gnss-sdr/build/volk_gnsssdr_module/build/CMakeFiles/CMakeTmp'


Source file was:
int main() { return 0; }
Performing C++ SOURCE FILE Test have_mssse3 succeeded with the following output:
Change Dir: /home/aishwarya/Desktop/gnss-sdr/build/volk_gnsssdr_module/build/CMakeFiles/CMakeTmp

Run Build Command(s):/usr/bin/make -f Makefile cmTC_3bf5e/fast && make[3]: Entering directory '/home/aishwarya/Desktop/gnss-sdr/build/volk_gnsssdr_module/build/CMakeFiles/CMakeTmp'
/usr/bin/make  -f CMakeFiles/cmTC_3bf5e.dir/build.make CMakeFiles/cmTC_3bf5e.dir/build
make[4]: Entering directory '/home/aishwarya/Desktop/gnss-sdr/build/volk_gnsssdr_module/build/CMakeFiles/CMakeTmp'
Building CXX object CMakeFiles/cmTC_3bf5e.dir/src.cxx.o
/usr/bin/c++ -Dhave_mssse3  -fcx-limited-range  -Wall -Wextra -Wall    -mssse3 -std=c++14 -o CMakeFiles/cmTC_3bf5e.dir/src.cxx.o -c /home/aishwarya/Desktop/gnss-sdr/build/volk_gnsssdr_module/build/CMakeFiles/CMakeTmp/src.cxx
Linking CXX executable cmTC_3bf5e
/usr/bin/cmake -E cmake_link_script CMakeFiles/cmTC_3bf5e.dir/link.txt --verbose=1
/usr/bin/c++  -fcx-limited-range  -Wall -Wextra -Wall  CMakeFiles/cmTC_3bf5e.dir/src.cxx.o -o cmTC_3bf5e 
make[4]: Leaving directory '/home/aishwarya/Desktop/gnss-sdr/build/volk_gnsssdr_module/build/CMakeFiles/CMakeTmp'
make[3]: Leaving directory '/home/aishwarya/Desktop/gnss-sdr/build/volk_gnsssdr_module/build/CMakeFiles/CMakeTmp'


Source file was:
int main() { return 0; }
Performing C++ SOURCE FILE Test have_msse4a succeeded with the following output:
Change Dir: /home/aishwarya/Desktop/gnss-sdr/build/volk_gnsssdr_module/build/CMakeFiles/CMakeTmp

Run Build Command(s):/usr/bin/make -f Makefile cmTC_c008c/fast && make[3]: Entering directory '/home/aishwarya/Desktop/gnss-sdr/build/volk_gnsssdr_module/build/CMakeFiles/CMakeTmp'
/usr/bin/make  -f CMakeFiles/cmTC_c008c.dir/build.make CMakeFiles/cmTC_c008c.dir/build
make[4]: Entering directory '/home/aishwarya/Desktop/gnss-sdr/build/volk_gnsssdr_module/build/CMakeFiles/CMakeTmp'
Building CXX object CMakeFiles/cmTC_c008c.dir/src.cxx.o
/usr/bin/c++ -Dhave_msse4a  -fcx-limited-range  -Wall -Wextra -Wall    -msse4a -std=c++14 -o CMakeFiles/cmTC_c008c.dir/src.cxx.o -c /home/aishwarya/Desktop/gnss-sdr/build/volk_gnsssdr_module/build/CMakeFiles/CMakeTmp/src.cxx
Linking CXX executable cmTC_c008c
/usr/bin/cmake -E cmake_link_script CMakeFiles/cmTC_c008c.dir/link.txt --verbose=1
/usr/bin/c++  -fcx-limited-range  -Wall -Wextra -Wall  CMakeFiles/cmTC_c008c.dir/src.cxx.o -o cmTC_c008c 
make[4]: Leaving directory '/home/aishwarya/Desktop/gnss-sdr/build/volk_gnsssdr_module/build/CMakeFiles/CMakeTmp'
make[3]: Leaving directory '/home/aishwarya/Desktop/gnss-sdr/build/volk_gnsssdr_module/build/CMakeFiles/CMakeTmp'


Source file was:
int main() { return 0; }
Performing C++ SOURCE FILE Test have_msse4_1 succeeded with the following output:
Change Dir: /home/aishwarya/Desktop/gnss-sdr/build/volk_gnsssdr_module/build/CMakeFiles/CMakeTmp

Run Build Command(s):/usr/bin/make -f Makefile cmTC_92364/fast && make[3]: Entering directory '/home/aishwarya/Desktop/gnss-sdr/build/volk_gnsssdr_module/build/CMakeFiles/CMakeTmp'
/usr/bin/make  -f CMakeFiles/cmTC_92364.dir/build.make CMakeFiles/cmTC_92364.dir/build
make[4]: Entering directory '/home/aishwarya/Desktop/gnss-sdr/build/volk_gnsssdr_module/build/CMakeFiles/CMakeTmp'
Building CXX object CMakeFiles/cmTC_92364.dir/src.cxx.o
/usr/bin/c++ -Dhave_msse4_1  -fcx-limited-range  -Wall -Wextra -Wall    -msse4.1 -std=c++14 -o CMakeFiles/cmTC_92364.dir/src.cxx.o -c /home/aishwarya/Desktop/gnss-sdr/build/volk_gnsssdr_module/build/CMakeFiles/CMakeTmp/src.cxx
Linking CXX executable cmTC_92364
/usr/bin/cmake -E cmake_link_script CMakeFiles/cmTC_92364.dir/link.txt --verbose=1
/usr/bin/c++  -fcx-limited-range  -Wall -Wextra -Wall  CMakeFiles/cmTC_92364.dir/src.cxx.o -o cmTC_92364 
make[4]: Leaving directory '/home/aishwarya/Desktop/gnss-sdr/build/volk_gnsssdr_module/build/CMakeFiles/CMakeTmp'
make[3]: Leaving directory '/home/aishwarya/Desktop/gnss-sdr/build/volk_gnsssdr_module/build/CMakeFiles/CMakeTmp'


Source file was:
int main() { return 0; }
Performing C++ SOURCE FILE Test have_msse4_2 succeeded with the following output:
Change Dir: /home/aishwarya/Desktop/gnss-sdr/build/volk_gnsssdr_module/build/CMakeFiles/CMakeTmp

Run Build Command(s):/usr/bin/make -f Makefile cmTC_6a64d/fast && make[3]: Entering directory '/home/aishwarya/Desktop/gnss-sdr/build/volk_gnsssdr_module/build/CMakeFiles/CMakeTmp'
/usr/bin/make  -f CMakeFiles/cmTC_6a64d.dir/build.make CMakeFiles/cmTC_6a64d.dir/build
make[4]: Entering directory '/home/aishwarya/Desktop/gnss-sdr/build/volk_gnsssdr_module/build/CMakeFiles/CMakeTmp'
Building CXX object CMakeFiles/cmTC_6a64d.dir/src.cxx.o
/usr/bin/c++ -Dhave_msse4_2  -fcx-limited-range  -Wall -Wextra -Wall    -msse4.2 -std=c++14 -o CMakeFiles/cmTC_6a64d.dir/src.cxx.o -c /home/aishwarya/Desktop/gnss-sdr/build/volk_gnsssdr_module/build/CMakeFiles/CMakeTmp/src.cxx
Linking CXX executable cmTC_6a64d
/usr/bin/cmake -E cmake_link_script CMakeFiles/cmTC_6a64d.dir/link.txt --verbose=1
/usr/bin/c++  -fcx-limited-range  -Wall -Wextra -Wall  CMakeFiles/cmTC_6a64d.dir/src.cxx.o -o cmTC_6a64d 
make[4]: Leaving directory '/home/aishwarya/Desktop/gnss-sdr/build/volk_gnsssdr_module/build/CMakeFiles/CMakeTmp'
make[3]: Leaving directory '/home/aishwarya/Desktop/gnss-sdr/build/volk_gnsssdr_module/build/CMakeFiles/CMakeTmp'


Source file was:
int main() { return 0; }
Performing C++ SOURCE FILE Test have_mavx succeeded with the following output:
Change Dir: /home/aishwarya/Desktop/gnss-sdr/build/volk_gnsssdr_module/build/CMakeFiles/CMakeTmp

Run Build Command(s):/usr/bin/make -f Makefile cmTC_75668/fast && make[3]: Entering directory '/home/aishwarya/Desktop/gnss-sdr/build/volk_gnsssdr_module/build/CMakeFiles/CMakeTmp'
/usr/bin/make  -f CMakeFiles/cmTC_75668.dir/build.make CMakeFiles/cmTC_75668.dir/build
make[4]: Entering directory '/home/aishwarya/Desktop/gnss-sdr/build/volk_gnsssdr_module/build/CMakeFiles/CMakeTmp'
Building CXX object CMakeFiles/cmTC_75668.dir/src.cxx.o
/usr/bin/c++ -Dhave_mavx  -fcx-limited-range  -Wall -Wextra -Wall    -mavx -std=c++14 -o CMakeFiles/cmTC_75668.dir/src.cxx.o -c /home/aishwarya/Desktop/gnss-sdr/build/volk_gnsssdr_module/build/CMakeFiles/CMakeTmp/src.cxx
Linking CXX executable cmTC_75668
/usr/bin/cmake -E cmake_link_script CMakeFiles/cmTC_75668.dir/link.txt --verbose=1
/usr/bin/c++  -fcx-limited-range  -Wall -Wextra -Wall  CMakeFiles/cmTC_75668.dir/src.cxx.o -o cmTC_75668 
make[4]: Leaving directory '/home/aishwarya/Desktop/gnss-sdr/build/volk_gnsssdr_module/build/CMakeFiles/CMakeTmp'
make[3]: Leaving directory '/home/aishwarya/Desktop/gnss-sdr/build/volk_gnsssdr_module/build/CMakeFiles/CMakeTmp'


Source file was:
int main() { return 0; }
Performing C++ SOURCE FILE Test have_mavx2 succeeded with the following output:
Change Dir: /home/aishwarya/Desktop/gnss-sdr/build/volk_gnsssdr_module/build/CMakeFiles/CMakeTmp

Run Build Command(s):/usr/bin/make -f Makefile cmTC_60b3a/fast && make[3]: Entering directory '/home/aishwarya/Desktop/gnss-sdr/build/volk_gnsssdr_module/build/CMakeFiles/CMakeTmp'
/usr/bin/make  -f CMakeFiles/cmTC_60b3a.dir/build.make CMakeFiles/cmTC_60b3a.dir/build
make[4]: Entering directory '/home/aishwarya/Desktop/gnss-sdr/build/volk_gnsssdr_module/build/CMakeFiles/CMakeTmp'
Building CXX object CMakeFiles/cmTC_60b3a.dir/src.cxx.o
/usr/bin/c++ -Dhave_mavx2  -fcx-limited-range  -Wall -Wextra -Wall    -mavx2 -std=c++14 -o CMakeFiles/cmTC_60b3a.dir/src.cxx.o -c /home/aishwarya/Desktop/gnss-sdr/build/volk_gnsssdr_module/build/CMakeFiles/CMakeTmp/src.cxx
Linking CXX executable cmTC_60b3a
/usr/bin/cmake -E cmake_link_script CMakeFiles/cmTC_60b3a.dir/link.txt --verbose=1
/usr/bin/c++  -fcx-limited-range  -Wall -Wextra -Wall  CMakeFiles/cmTC_60b3a.dir/src.cxx.o -o cmTC_60b3a 
make[4]: Leaving directory '/home/aishwarya/Desktop/gnss-sdr/build/volk_gnsssdr_module/build/CMakeFiles/CMakeTmp'
make[3]: Leaving directory '/home/aishwarya/Desktop/gnss-sdr/build/volk_gnsssdr_module/build/CMakeFiles/CMakeTmp'


Source file was:
int main() { return 0; }
Performing C++ SOURCE FILE Test have_mavx512f succeeded with the following output:
Change Dir: /home/aishwarya/Desktop/gnss-sdr/build/volk_gnsssdr_module/build/CMakeFiles/CMakeTmp

Run Build Command(s):/usr/bin/make -f Makefile cmTC_0a1b2/fast && make[3]: Entering directory '/home/aishwarya/Desktop/gnss-sdr/build/volk_gnsssdr_module/build/CMakeFiles/CMakeTmp'
/usr/bin/make  -f CMakeFiles/cmTC_0a1b2.dir/build.make CMakeFiles/cmTC_0a1b2.dir/build
make[4]: Entering directory '/home/aishwarya/Desktop/gnss-sdr/build/volk_gnsssdr_module/build/CMakeFiles/CMakeTmp'
Building CXX object CMakeFiles/cmTC_0a1b2.dir/src.cxx.o
/usr/bin/c++ -Dhave_mavx512f  -fcx-limited-range  -Wall -Wextra -Wall    -mavx512f -std=c++14 -o CMakeFiles/cmTC_0a1b2.dir/src.cxx.o -c /home/aishwarya/Desktop/gnss-sdr/build/volk_gnsssdr_module/build/CMakeFiles/CMakeTmp/src.cxx
Linking CXX executable cmTC_0a1b2
/usr/bin/cmake -E cmake_link_script CMakeFiles/cmTC_0a1b2.dir/link.txt --verbose=1
/usr/bin/c++  -fcx-limited-range  -Wall -Wextra -Wall  CMakeFiles/cmTC_0a1b2.dir/src.cxx.o -o cmTC_0a1b2 
make[4]: Leaving directory '/home/aishwarya/Desktop/gnss-sdr/build/volk_gnsssdr_module/build/CMakeFiles/CMakeTmp'
make[3]: Leaving directory '/home/aishwarya/Desktop/gnss-sdr/build/volk_gnsssdr_module/build/CMakeFiles/CMakeTmp'


Source file was:
int main() { return 0; }
Performing C++ SOURCE FILE Test have_mavx512cd succeeded with the following output:
Change Dir: /home/aishwarya/Desktop/gnss-sdr/build/volk_gnsssdr_module/build/CMakeFiles/CMakeTmp

Run Build Command(s):/usr/bin/make -f Makefile cmTC_f9c7c/fast && make[3]: Entering directory '/home/aishwarya/Desktop/gnss-sdr/build/volk_gnsssdr_module/build/CMakeFiles/CMakeTmp'
/usr/bin/make  -f CMakeFiles/cmTC_f9c7c.dir/build.make CMakeFiles/cmTC_f9c7c.dir/build
make[4]: Entering directory '/home/aishwarya/Desktop/gnss-sdr/build/volk_gnsssdr_module/build/CMakeFiles/CMakeTmp'
Building CXX object CMakeFiles/cmTC_f9c7c.dir/src.cxx.o
/usr/bin/c++ -Dhave_mavx512cd  -fcx-limited-range  -Wall -Wextra -Wall    -mavx512cd -std=c++14 -o CMakeFiles/cmTC_f9c7c.dir/src.cxx.o -c /home/aishwarya/Desktop/gnss-sdr/build/volk_gnsssdr_module/build/CMakeFiles/CMakeTmp/src.cxx
Linking CXX executable cmTC_f9c7c
/usr/bin/cmake -E cmake_link_script CMakeFiles/cmTC_f9c7c.dir/link.txt --verbose=1
/usr/bin/c++  -fcx-limited-range  -Wall -Wextra -Wall  CMakeFiles/cmTC_f9c7c.dir/src.cxx.o -o cmTC_f9c7c 
make[4]: Leaving directory '/home/aishwarya/Desktop/gnss-sdr/build/volk_gnsssdr_module/build/CMakeFiles/CMakeTmp'
make[3]: Leaving directory '/home/aishwarya/Desktop/gnss-sdr/build/volk_gnsssdr_module/build/CMakeFiles/CMakeTmp'


Source file was:
int main() { return 0; }
Determining size of void*[8] passed with the following output:
Change Dir: /home/aishwarya/Desktop/gnss-sdr/build/volk_gnsssdr_module/build/CMakeFiles/CMakeTmp

Run Build Command(s):/usr/bin/make -f Makefile cmTC_87a01/fast && make[3]: Entering directory '/home/aishwarya/Desktop/gnss-sdr/build/volk_gnsssdr_module/build/CMakeFiles/CMakeTmp'
/usr/bin/make  -f CMakeFiles/cmTC_87a01.dir/build.make CMakeFiles/cmTC_87a01.dir/build
make[4]: Entering directory '/home/aishwarya/Desktop/gnss-sdr/build/volk_gnsssdr_module/build/CMakeFiles/CMakeTmp'
Building C object CMakeFiles/cmTC_87a01.dir/SIZEOF_CPU.c.o
/usr/bin/cc   -fcx-limited-range -Wall -Werror=incompatible-pointer-types -Werror=pointer-sign  -o CMakeFiles/cmTC_87a01.dir/SIZEOF_CPU.c.o -c /home/aishwarya/Desktop/gnss-sdr/build/volk_gnsssdr_module/build/CMakeFiles/CheckTypeSize/SIZEOF_CPU.c
Linking C executable cmTC_87a01
/usr/bin/cmake -E cmake_link_script CMakeFiles/cmTC_87a01.dir/link.txt --verbose=1
/usr/bin/cc  -fcx-limited-range -Wall -Werror=incompatible-pointer-types -Werror=pointer-sign  CMakeFiles/cmTC_87a01.dir/SIZEOF_CPU.c.o -o cmTC_87a01 
make[4]: Leaving directory '/home/aishwarya/Desktop/gnss-sdr/build/volk_gnsssdr_module/build/CMakeFiles/CMakeTmp'
make[3]: Leaving directory '/home/aishwarya/Desktop/gnss-sdr/build/volk_gnsssdr_module/build/CMakeFiles/CMakeTmp'



Checking whether the ASM compiler is GNU using "--version" matched "(GNU assembler)|(GCC)|(Free Software Foundation)":
cc (Ubuntu 7.5.0-3ubuntu1~18.04) 7.5.0
Copyright (C) 2017 Free Software Foundation, Inc.
This is free software; see the source for copying conditions.  There is NO
warranty; not even for MERCHANTABILITY or FITNESS FOR A PARTICULAR PURPOSE.

