Determining if the include file intrin.h exists failed with the following output:
Change Dir: /home/gnss-sdr/gnss-sdr/build/volk_gnsssdr_module/build/CMakeFiles/CMakeTmp

Run Build Command(s):/usr/bin/make cmTC_e0313/fast && make[3]: Entering directory '/home/gnss-sdr/gnss-sdr/build/volk_gnsssdr_module/build/CMakeFiles/CMakeTmp'
/usr/bin/make -f CMakeFiles/cmTC_e0313.dir/build.make CMakeFiles/cmTC_e0313.dir/build
make[4]: Entering directory '/home/gnss-sdr/gnss-sdr/build/volk_gnsssdr_module/build/CMakeFiles/CMakeTmp'
Building C object CMakeFiles/cmTC_e0313.dir/CheckIncludeFile.c.o
/usr/bin/cc   -fcx-limited-range -Wall -Werror=incompatible-pointer-types -Werror=pointer-sign    -o CMakeFiles/cmTC_e0313.dir/CheckIncludeFile.c.o   -c /home/gnss-sdr/gnss-sdr/build/volk_gnsssdr_module/build/CMakeFiles/CMakeTmp/CheckIncludeFile.c
/home/gnss-sdr/gnss-sdr/build/volk_gnsssdr_module/build/CMakeFiles/CMakeTmp/CheckIncludeFile.c:1:10: fatal error: intrin.h: No such file or directory
    1 | #include <intrin.h>
      |          ^~~~~~~~~~
compilation terminated.
make[4]: *** [CMakeFiles/cmTC_e0313.dir/build.make:66: CMakeFiles/cmTC_e0313.dir/CheckIncludeFile.c.o] Error 1
make[4]: Leaving directory '/home/gnss-sdr/gnss-sdr/build/volk_gnsssdr_module/build/CMakeFiles/CMakeTmp'
make[3]: *** [Makefile:121: cmTC_e0313/fast] Error 2
make[3]: Leaving directory '/home/gnss-sdr/gnss-sdr/build/volk_gnsssdr_module/build/CMakeFiles/CMakeTmp'



Performing C++ SOURCE FILE Test HAVE_WERROR_UNUSED_CMD_LINE_ARG failed with the following output:
Change Dir: /home/gnss-sdr/gnss-sdr/build/volk_gnsssdr_module/build/CMakeFiles/CMakeTmp

Run Build Command(s):/usr/bin/make cmTC_1098a/fast && make[3]: Entering directory '/home/gnss-sdr/gnss-sdr/build/volk_gnsssdr_module/build/CMakeFiles/CMakeTmp'
/usr/bin/make -f CMakeFiles/cmTC_1098a.dir/build.make CMakeFiles/cmTC_1098a.dir/build
make[4]: Entering directory '/home/gnss-sdr/gnss-sdr/build/volk_gnsssdr_module/build/CMakeFiles/CMakeTmp'
Building CXX object CMakeFiles/cmTC_1098a.dir/src.cxx.o
/usr/bin/c++    -fcx-limited-range  -Wall -Wextra -Wall -DHAVE_WERROR_UNUSED_CMD_LINE_ARG   -Werror=unused-command-line-argument -std=c++2a -o CMakeFiles/cmTC_1098a.dir/src.cxx.o -c /home/gnss-sdr/gnss-sdr/build/volk_gnsssdr_module/build/CMakeFiles/CMakeTmp/src.cxx
cc1plus: error: '-Werror=unused-command-line-argument': no option -Wunused-command-line-argument
make[4]: *** [CMakeFiles/cmTC_1098a.dir/build.make:66: CMakeFiles/cmTC_1098a.dir/src.cxx.o] Error 1
make[4]: Leaving directory '/home/gnss-sdr/gnss-sdr/build/volk_gnsssdr_module/build/CMakeFiles/CMakeTmp'
make[3]: *** [Makefile:121: cmTC_1098a/fast] Error 2
make[3]: Leaving directory '/home/gnss-sdr/gnss-sdr/build/volk_gnsssdr_module/build/CMakeFiles/CMakeTmp'


Source file was:
int main() { return 0; }
Performing C++ SOURCE FILE Test have_mfloat_abi_softfp failed with the following output:
Change Dir: /home/gnss-sdr/gnss-sdr/build/volk_gnsssdr_module/build/CMakeFiles/CMakeTmp

Run Build Command(s):/usr/bin/make cmTC_a8f5f/fast && make[3]: Entering directory '/home/gnss-sdr/gnss-sdr/build/volk_gnsssdr_module/build/CMakeFiles/CMakeTmp'
/usr/bin/make -f CMakeFiles/cmTC_a8f5f.dir/build.make CMakeFiles/cmTC_a8f5f.dir/build
make[4]: Entering directory '/home/gnss-sdr/gnss-sdr/build/volk_gnsssdr_module/build/CMakeFiles/CMakeTmp'
Building CXX object CMakeFiles/cmTC_a8f5f.dir/src.cxx.o
/usr/bin/c++    -fcx-limited-range  -Wall -Wextra -Wall -Dhave_mfloat_abi_softfp   -mfloat-abi=softfp -std=c++2a -o CMakeFiles/cmTC_a8f5f.dir/src.cxx.o -c /home/gnss-sdr/gnss-sdr/build/volk_gnsssdr_module/build/CMakeFiles/CMakeTmp/src.cxx
c++: error: unrecognized command line option '-mfloat-abi=softfp'
make[4]: *** [CMakeFiles/cmTC_a8f5f.dir/build.make:66: CMakeFiles/cmTC_a8f5f.dir/src.cxx.o] Error 1
make[4]: Leaving directory '/home/gnss-sdr/gnss-sdr/build/volk_gnsssdr_module/build/CMakeFiles/CMakeTmp'
make[3]: *** [Makefile:121: cmTC_a8f5f/fast] Error 2
make[3]: Leaving directory '/home/gnss-sdr/gnss-sdr/build/volk_gnsssdr_module/build/CMakeFiles/CMakeTmp'


Source file was:
int main() { return 0; }
Performing C++ SOURCE FILE Test have_mfloat_abi_hard failed with the following output:
Change Dir: /home/gnss-sdr/gnss-sdr/build/volk_gnsssdr_module/build/CMakeFiles/CMakeTmp

Run Build Command(s):/usr/bin/make cmTC_e8bf1/fast && make[3]: Entering directory '/home/gnss-sdr/gnss-sdr/build/volk_gnsssdr_module/build/CMakeFiles/CMakeTmp'
/usr/bin/make -f CMakeFiles/cmTC_e8bf1.dir/build.make CMakeFiles/cmTC_e8bf1.dir/build
make[4]: Entering directory '/home/gnss-sdr/gnss-sdr/build/volk_gnsssdr_module/build/CMakeFiles/CMakeTmp'
Building CXX object CMakeFiles/cmTC_e8bf1.dir/src.cxx.o
/usr/bin/c++    -fcx-limited-range  -Wall -Wextra -Wall -Dhave_mfloat_abi_hard   -mfloat-abi=hard -std=c++2a -o CMakeFiles/cmTC_e8bf1.dir/src.cxx.o -c /home/gnss-sdr/gnss-sdr/build/volk_gnsssdr_module/build/CMakeFiles/CMakeTmp/src.cxx
c++: error: unrecognized command line option '-mfloat-abi=hard'
make[4]: *** [CMakeFiles/cmTC_e8bf1.dir/build.make:66: CMakeFiles/cmTC_e8bf1.dir/src.cxx.o] Error 1
make[4]: Leaving directory '/home/gnss-sdr/gnss-sdr/build/volk_gnsssdr_module/build/CMakeFiles/CMakeTmp'
make[3]: *** [Makefile:121: cmTC_e8bf1/fast] Error 2
make[3]: Leaving directory '/home/gnss-sdr/gnss-sdr/build/volk_gnsssdr_module/build/CMakeFiles/CMakeTmp'


Source file was:
int main() { return 0; }
Performing C++ SOURCE FILE Test have_mfpu_neon failed with the following output:
Change Dir: /home/gnss-sdr/gnss-sdr/build/volk_gnsssdr_module/build/CMakeFiles/CMakeTmp

Run Build Command(s):/usr/bin/make cmTC_4fb66/fast && make[3]: Entering directory '/home/gnss-sdr/gnss-sdr/build/volk_gnsssdr_module/build/CMakeFiles/CMakeTmp'
/usr/bin/make -f CMakeFiles/cmTC_4fb66.dir/build.make CMakeFiles/cmTC_4fb66.dir/build
make[4]: Entering directory '/home/gnss-sdr/gnss-sdr/build/volk_gnsssdr_module/build/CMakeFiles/CMakeTmp'
Building CXX object CMakeFiles/cmTC_4fb66.dir/src.cxx.o
/usr/bin/c++    -fcx-limited-range  -Wall -Wextra -Wall -Dhave_mfpu_neon   -mfpu=neon -std=c++2a -o CMakeFiles/cmTC_4fb66.dir/src.cxx.o -c /home/gnss-sdr/gnss-sdr/build/volk_gnsssdr_module/build/CMakeFiles/CMakeTmp/src.cxx
c++: error: unrecognized command line option '-mfpu=neon'
make[4]: *** [CMakeFiles/cmTC_4fb66.dir/build.make:66: CMakeFiles/cmTC_4fb66.dir/src.cxx.o] Error 1
make[4]: Leaving directory '/home/gnss-sdr/gnss-sdr/build/volk_gnsssdr_module/build/CMakeFiles/CMakeTmp'
make[3]: *** [Makefile:121: cmTC_4fb66/fast] Error 2
make[3]: Leaving directory '/home/gnss-sdr/gnss-sdr/build/volk_gnsssdr_module/build/CMakeFiles/CMakeTmp'


Source file was:
int main() { return 0; }
Performing C++ SOURCE FILE Test have_m32 failed with the following output:
Change Dir: /home/gnss-sdr/gnss-sdr/build/volk_gnsssdr_module/build/CMakeFiles/CMakeTmp

Run Build Command(s):/usr/bin/make cmTC_c0020/fast && make[3]: Entering directory '/home/gnss-sdr/gnss-sdr/build/volk_gnsssdr_module/build/CMakeFiles/CMakeTmp'
/usr/bin/make -f CMakeFiles/cmTC_c0020.dir/build.make CMakeFiles/cmTC_c0020.dir/build
make[4]: Entering directory '/home/gnss-sdr/gnss-sdr/build/volk_gnsssdr_module/build/CMakeFiles/CMakeTmp'
Building CXX object CMakeFiles/cmTC_c0020.dir/src.cxx.o
/usr/bin/c++    -fcx-limited-range  -Wall -Wextra -Wall -Dhave_m32   -m32 -std=c++2a -o CMakeFiles/cmTC_c0020.dir/src.cxx.o -c /home/gnss-sdr/gnss-sdr/build/volk_gnsssdr_module/build/CMakeFiles/CMakeTmp/src.cxx
Linking CXX executable cmTC_c0020
/usr/bin/cmake -E cmake_link_script CMakeFiles/cmTC_c0020.dir/link.txt --verbose=1
/usr/bin/c++   -fcx-limited-range  -Wall -Wextra -Wall -Dhave_m32    CMakeFiles/cmTC_c0020.dir/src.cxx.o  -o cmTC_c0020 
/usr/bin/ld: i386 architecture of input file `CMakeFiles/cmTC_c0020.dir/src.cxx.o' is incompatible with i386:x86-64 output
collect2: error: ld returned 1 exit status
make[4]: *** [CMakeFiles/cmTC_c0020.dir/build.make:87: cmTC_c0020] Error 1
make[4]: Leaving directory '/home/gnss-sdr/gnss-sdr/build/volk_gnsssdr_module/build/CMakeFiles/CMakeTmp'
make[3]: *** [Makefile:121: cmTC_c0020/fast] Error 2
make[3]: Leaving directory '/home/gnss-sdr/gnss-sdr/build/volk_gnsssdr_module/build/CMakeFiles/CMakeTmp'


Source file was:
int main() { return 0; }
Performing C SOURCE FILE Test neon_compile_result failed with the following output:
Change Dir: /home/gnss-sdr/gnss-sdr/build/volk_gnsssdr_module/build/CMakeFiles/CMakeTmp

Run Build Command(s):/usr/bin/make cmTC_78dcc/fast && make[3]: Entering directory '/home/gnss-sdr/gnss-sdr/build/volk_gnsssdr_module/build/CMakeFiles/CMakeTmp'
/usr/bin/make -f CMakeFiles/cmTC_78dcc.dir/build.make CMakeFiles/cmTC_78dcc.dir/build
make[4]: Entering directory '/home/gnss-sdr/gnss-sdr/build/volk_gnsssdr_module/build/CMakeFiles/CMakeTmp'
Building C object CMakeFiles/cmTC_78dcc.dir/src.c.o
/usr/bin/cc   -fcx-limited-range -Wall -Werror=incompatible-pointer-types -Werror=pointer-sign -Dneon_compile_result   -o CMakeFiles/cmTC_78dcc.dir/src.c.o   -c /home/gnss-sdr/gnss-sdr/build/volk_gnsssdr_module/build/CMakeFiles/CMakeTmp/src.c
/home/gnss-sdr/gnss-sdr/build/volk_gnsssdr_module/build/CMakeFiles/CMakeTmp/src.c:1:10: fatal error: arm_neon.h: No such file or directory
    1 | #include <arm_neon.h>
      |          ^~~~~~~~~~~~
compilation terminated.
make[4]: *** [CMakeFiles/cmTC_78dcc.dir/build.make:66: CMakeFiles/cmTC_78dcc.dir/src.c.o] Error 1
make[4]: Leaving directory '/home/gnss-sdr/gnss-sdr/build/volk_gnsssdr_module/build/CMakeFiles/CMakeTmp'
make[3]: *** [Makefile:121: cmTC_78dcc/fast] Error 2
make[3]: Leaving directory '/home/gnss-sdr/gnss-sdr/build/volk_gnsssdr_module/build/CMakeFiles/CMakeTmp'


Source file was:
#include <arm_neon.h>
int main(){ uint8_t *dest; uint8x8_t res; vst1_u8(dest, res); }
